Flow report for inv
Sun Dec 01 22:59:03 2019
Quartus II Version 9.1 Build 350 03/24/2010 Service Pack 2 SJ Web Edition


---------------------
; Table of Contents ;
---------------------
  1. Legal Notice
  2. Flow Summary
  3. Flow Settings
  4. Flow Non-Default Global Settings
  5. Flow Elapsed Time
  6. Flow OS Summary
  7. Flow Log



----------------
; Legal Notice ;
----------------
Copyright (C) 1991-2010 Altera Corporation
Your use of Altera Corporation's design tools, logic functions 
and other software and tools, and its AMPP partner logic 
functions, and any output files from any of the foregoing 
(including device programming or simulation files), and any 
associated documentation or information are expressly subject 
to the terms and conditions of the Altera Program License 
Subscription Agreement, Altera MegaCore Function License 
Agreement, or other applicable license agreement, including, 
without limitation, that your use is for the sole purpose of 
programming logic devices manufactured by Altera and sold by 
Altera or its authorized distributors.  Please refer to the 
applicable agreement for further details.



+-----------------------------------------------------------------------------------+
; Flow Summary                                                                      ;
+------------------------------------+----------------------------------------------+
; Flow Status                        ; Successful - Sun Dec 01 22:59:03 2019        ;
; Quartus II Version                 ; 9.1 Build 350 03/24/2010 SP 2 SJ Web Edition ;
; Revision Name                      ; inv                                          ;
; Top-level Entity Name              ; inv                                          ;
; Family                             ; Cyclone IV E                                 ;
; Met timing requirements            ; N/A                                          ;
; Total logic elements               ; 0 / 6,272 ( 0 % )                            ;
;     Total combinational functions  ; 0 / 6,272 ( 0 % )                            ;
;     Dedicated logic registers      ; 0 / 6,272 ( 0 % )                            ;
; Total registers                    ; 0                                            ;
; Total pins                         ; 2 / 92 ( 2 % )                               ;
; Total virtual pins                 ; 0                                            ;
; Total memory bits                  ; 0 / 276,480 ( 0 % )                          ;
; Embedded Multiplier 9-bit elements ; 0 / 30 ( 0 % )                               ;
; Total PLLs                         ; 0 / 2 ( 0 % )                                ;
; Device                             ; EP4CE6E22C6                                  ;
; Timing Models                      ; Preliminary                                  ;
+------------------------------------+----------------------------------------------+


+-----------------------------------------+
; Flow Settings                           ;
+-------------------+---------------------+
; Option            ; Setting             ;
+-------------------+---------------------+
; Start date & time ; 12/01/2019 22:58:55 ;
; Main task         ; Compilation         ;
; Revision Name     ; inv                 ;
+-------------------+---------------------+


+--------------------------------------------------------------------------------------------------------------------+
; Flow Non-Default Global Settings                                                                                   ;
+------------------------------------+--------------------------------+---------------+-------------+----------------+
; Assignment Name                    ; Value                          ; Default Value ; Entity Name ; Section Id     ;
+------------------------------------+--------------------------------+---------------+-------------+----------------+
; COMPILER_SIGNATURE_ID              ; 93181009263699.157525193509960 ; --            ; --          ; --             ;
; EDA_OUTPUT_DATA_FORMAT             ; Verilog Hdl                    ; --            ; --          ; eda_simulation ;
; EDA_SIMULATION_TOOL                ; ModelSim-Altera (Verilog)      ; <None>        ; --          ; --             ;
; EDA_TIME_SCALE                     ; 1 ps                           ; --            ; --          ; eda_simulation ;
; PARTITION_COLOR                    ; 16764057                       ; --            ; --          ; Top            ;
; PARTITION_NETLIST_TYPE             ; SOURCE                         ; --            ; --          ; Top            ;
; USE_GENERATED_PHYSICAL_CONSTRAINTS ; Off                            ; --            ; --          ; eda_blast_fpga ;
+------------------------------------+--------------------------------+---------------+-------------+----------------+


+-------------------------------------------------------------------------------------------------------------------------------+
; Flow Elapsed Time                                                                                                             ;
+---------------------------+--------------+-------------------------+---------------------+------------------------------------+
; Module Name               ; Elapsed Time ; Average Processors Used ; Peak Virtual Memory ; Total CPU Time (on all processors) ;
+---------------------------+--------------+-------------------------+---------------------+------------------------------------+
; Analysis & Synthesis      ; 00:00:01     ; 1.0                     ; 240 MB              ; 00:00:01                           ;
; Fitter                    ; 00:00:02     ; 1.0                     ; 294 MB              ; 00:00:03                           ;
; TimeQuest Timing Analyzer ; 00:00:02     ; 1.0                     ; 259 MB              ; 00:00:01                           ;
; Assembler                 ; 00:00:00     ; 1.0                     ; 232 MB              ; 00:00:01                           ;
; EDA Netlist Writer        ; 00:00:00     ; 1.0                     ; 197 MB              ; 00:00:01                           ;
; Total                     ; 00:00:05     ; --                      ; --                  ; 00:00:06                           ;
+---------------------------+--------------+-------------------------+---------------------+------------------------------------+


+--------------------------------------------------------------------------------------------+
; Flow OS Summary                                                                            ;
+---------------------------+------------------+---------------+------------+----------------+
; Module Name               ; Machine Hostname ; OS Name       ; OS Version ; Processor type ;
+---------------------------+------------------+---------------+------------+----------------+
; Analysis & Synthesis      ; DESKTOP-70B03J6  ; Windows Vista ; 6.2        ; x86_64         ;
; Fitter                    ; DESKTOP-70B03J6  ; Windows Vista ; 6.2        ; x86_64         ;
; Assembler                 ; DESKTOP-70B03J6  ; Windows Vista ; 6.2        ; x86_64         ;
; TimeQuest Timing Analyzer ; DESKTOP-70B03J6  ; Windows Vista ; 6.2        ; x86_64         ;
; EDA Netlist Writer        ; DESKTOP-70B03J6  ; Windows Vista ; 6.2        ; x86_64         ;
+---------------------------+------------------+---------------+------------+----------------+


------------
; Flow Log ;
------------
quartus_map --read_settings_files=on --write_settings_files=off inv -c inv
quartus_fit --read_settings_files=off --write_settings_files=off inv -c inv
quartus_asm --read_settings_files=off --write_settings_files=off inv -c inv
quartus_sta inv -c inv
quartus_eda --read_settings_files=off --write_settings_files=off inv -c inv



