TimeQuest Timing Analyzer report for shift_left32
Fri Mar 20 22:31:12 2020
Quartus II Version 9.1 Build 350 03/24/2010 Service Pack 2 SJ Web Edition


---------------------
; Table of Contents ;
---------------------
  1. Legal Notice
  2. TimeQuest Timing Analyzer Summary
  3. Parallel Compilation
  4. Clocks
  5. Slow 1200mV 85C Model Fmax Summary
  6. Slow 1200mV 85C Model Setup Summary
  7. Slow 1200mV 85C Model Hold Summary
  8. Slow 1200mV 85C Model Recovery Summary
  9. Slow 1200mV 85C Model Removal Summary
 10. Slow 1200mV 85C Model Minimum Pulse Width Summary
 11. Propagation Delay
 12. Minimum Propagation Delay
 13. Slow 1200mV 85C Model Metastability Report
 14. Slow 1200mV 0C Model Fmax Summary
 15. Slow 1200mV 0C Model Setup Summary
 16. Slow 1200mV 0C Model Hold Summary
 17. Slow 1200mV 0C Model Recovery Summary
 18. Slow 1200mV 0C Model Removal Summary
 19. Slow 1200mV 0C Model Minimum Pulse Width Summary
 20. Propagation Delay
 21. Minimum Propagation Delay
 22. Slow 1200mV 0C Model Metastability Report
 23. Fast 1200mV 0C Model Setup Summary
 24. Fast 1200mV 0C Model Hold Summary
 25. Fast 1200mV 0C Model Recovery Summary
 26. Fast 1200mV 0C Model Removal Summary
 27. Fast 1200mV 0C Model Minimum Pulse Width Summary
 28. Propagation Delay
 29. Minimum Propagation Delay
 30. Fast 1200mV 0C Model Metastability Report
 31. Multicorner Timing Analysis Summary
 32. Progagation Delay
 33. Minimum Progagation Delay
 34. Board Trace Model Assignments
 35. Input Transition Times
 36. Slow Corner Signal Integrity Metrics
 37. Fast Corner Signal Integrity Metrics
 38. Clock Transfers
 39. Report TCCS
 40. Report RSKM
 41. Unconstrained Paths
 42. TimeQuest Timing Analyzer Messages



----------------
; Legal Notice ;
----------------
Copyright (C) 1991-2010 Altera Corporation
Your use of Altera Corporation's design tools, logic functions 
and other software and tools, and its AMPP partner logic 
functions, and any output files from any of the foregoing 
(including device programming or simulation files), and any 
associated documentation or information are expressly subject 
to the terms and conditions of the Altera Program License 
Subscription Agreement, Altera MegaCore Function License 
Agreement, or other applicable license agreement, including, 
without limitation, that your use is for the sole purpose of 
programming logic devices manufactured by Altera and sold by 
Altera or its authorized distributors.  Please refer to the 
applicable agreement for further details.



+-------------------------------------------------------------------------------------+
; TimeQuest Timing Analyzer Summary                                                   ;
+--------------------+----------------------------------------------------------------+
; Quartus II Version ; Version 9.1 Build 350 03/24/2010 Service Pack 2 SJ Web Edition ;
; Revision Name      ; shift_left32                                                   ;
; Device Family      ; Cyclone IV E                                                   ;
; Device Name        ; EP4CE6E22C6                                                    ;
; Timing Models      ; Preliminary                                                    ;
; Delay Model        ; Combined                                                       ;
; Rise/Fall Delays   ; Enabled                                                        ;
+--------------------+----------------------------------------------------------------+


Parallel compilation was disabled, but you have multiple processors available. Enable parallel compilation to reduce compilation time.
+-------------------------------------+
; Parallel Compilation                ;
+----------------------------+--------+
; Processors                 ; Number ;
+----------------------------+--------+
; Number detected on machine ; 4      ;
; Maximum allowed            ; 1      ;
+----------------------------+--------+


----------
; Clocks ;
----------
No clocks to report.


--------------------------------------
; Slow 1200mV 85C Model Fmax Summary ;
--------------------------------------
No paths to report.


---------------------------------------
; Slow 1200mV 85C Model Setup Summary ;
---------------------------------------
No paths to report.


--------------------------------------
; Slow 1200mV 85C Model Hold Summary ;
--------------------------------------
No paths to report.


------------------------------------------
; Slow 1200mV 85C Model Recovery Summary ;
------------------------------------------
No paths to report.


-----------------------------------------
; Slow 1200mV 85C Model Removal Summary ;
-----------------------------------------
No paths to report.


-----------------------------------------------------
; Slow 1200mV 85C Model Minimum Pulse Width Summary ;
-----------------------------------------------------
No paths to report.


+----------------------------------------------------+
; Propagation Delay                                  ;
+------------+-------------+-------+----+----+-------+
; Input Port ; Output Port ; RR    ; RF ; FR ; FF    ;
+------------+-------------+-------+----+----+-------+
; a[0]       ; y[2]        ; 5.579 ;    ;    ; 5.976 ;
; a[1]       ; y[3]        ; 6.325 ;    ;    ; 6.690 ;
; a[2]       ; y[4]        ; 5.928 ;    ;    ; 6.295 ;
; a[3]       ; y[5]        ; 5.952 ;    ;    ; 6.313 ;
; a[4]       ; y[6]        ; 5.944 ;    ;    ; 6.312 ;
; a[5]       ; y[7]        ; 5.982 ;    ;    ; 6.358 ;
; a[6]       ; y[8]        ; 5.672 ;    ;    ; 6.061 ;
; a[7]       ; y[9]        ; 6.000 ;    ;    ; 6.364 ;
; a[8]       ; y[10]       ; 5.674 ;    ;    ; 6.063 ;
; a[9]       ; y[11]       ; 7.167 ;    ;    ; 7.649 ;
; a[10]      ; y[12]       ; 5.977 ;    ;    ; 6.342 ;
; a[11]      ; y[13]       ; 6.040 ;    ;    ; 6.431 ;
; a[12]      ; y[14]       ; 5.845 ;    ;    ; 6.233 ;
; a[13]      ; y[15]       ; 5.579 ;    ;    ; 5.976 ;
; a[14]      ; y[16]       ; 5.943 ;    ;    ; 6.310 ;
; a[15]      ; y[17]       ; 6.014 ;    ;    ; 6.401 ;
; a[16]      ; y[18]       ; 5.937 ;    ;    ; 6.305 ;
; a[17]      ; y[19]       ; 6.078 ;    ;    ; 6.476 ;
; a[18]      ; y[20]       ; 6.012 ;    ;    ; 6.387 ;
; a[19]      ; y[21]       ; 5.950 ;    ;    ; 6.311 ;
; a[20]      ; y[22]       ; 6.002 ;    ;    ; 6.374 ;
; a[21]      ; y[23]       ; 6.004 ;    ;    ; 6.377 ;
; a[22]      ; y[24]       ; 6.083 ;    ;    ; 6.454 ;
; a[23]      ; y[25]       ; 5.944 ;    ;    ; 6.311 ;
; a[24]      ; y[26]       ; 5.919 ;    ;    ; 6.284 ;
; a[25]      ; y[27]       ; 5.947 ;    ;    ; 6.315 ;
; a[26]      ; y[28]       ; 5.579 ;    ;    ; 5.976 ;
; a[27]      ; y[29]       ; 6.597 ;    ;    ; 7.021 ;
; a[28]      ; y[30]       ; 5.996 ;    ;    ; 6.372 ;
; a[29]      ; y[31]       ; 5.668 ;    ;    ; 6.055 ;
+------------+-------------+-------+----+----+-------+


+----------------------------------------------------+
; Minimum Propagation Delay                          ;
+------------+-------------+-------+----+----+-------+
; Input Port ; Output Port ; RR    ; RF ; FR ; FF    ;
+------------+-------------+-------+----+----+-------+
; a[0]       ; y[2]        ; 5.403 ;    ;    ; 5.789 ;
; a[1]       ; y[3]        ; 6.118 ;    ;    ; 6.476 ;
; a[2]       ; y[4]        ; 5.736 ;    ;    ; 6.096 ;
; a[3]       ; y[5]        ; 5.760 ;    ;    ; 6.113 ;
; a[4]       ; y[6]        ; 5.752 ;    ;    ; 6.112 ;
; a[5]       ; y[7]        ; 5.788 ;    ;    ; 6.157 ;
; a[6]       ; y[8]        ; 5.496 ;    ;    ; 5.874 ;
; a[7]       ; y[9]        ; 5.811 ;    ;    ; 6.165 ;
; a[8]       ; y[10]       ; 5.498 ;    ;    ; 5.876 ;
; a[9]       ; y[11]       ; 6.978 ;    ;    ; 7.450 ;
; a[10]      ; y[12]       ; 5.783 ;    ;    ; 6.141 ;
; a[11]      ; y[13]       ; 5.845 ;    ;    ; 6.227 ;
; a[12]      ; y[14]       ; 5.658 ;    ;    ; 6.036 ;
; a[13]      ; y[15]       ; 5.403 ;    ;    ; 5.789 ;
; a[14]      ; y[16]       ; 5.751 ;    ;    ; 6.111 ;
; a[15]      ; y[17]       ; 5.820 ;    ;    ; 6.197 ;
; a[16]      ; y[18]       ; 5.745 ;    ;    ; 6.105 ;
; a[17]      ; y[19]       ; 5.880 ;    ;    ; 6.269 ;
; a[18]      ; y[20]       ; 5.818 ;    ;    ; 6.184 ;
; a[19]      ; y[21]       ; 5.758 ;    ;    ; 6.112 ;
; a[20]      ; y[22]       ; 5.808 ;    ;    ; 6.172 ;
; a[21]      ; y[23]       ; 5.810 ;    ;    ; 6.174 ;
; a[22]      ; y[24]       ; 5.885 ;    ;    ; 6.248 ;
; a[23]      ; y[25]       ; 5.752 ;    ;    ; 6.111 ;
; a[24]      ; y[26]       ; 5.729 ;    ;    ; 6.085 ;
; a[25]      ; y[27]       ; 5.755 ;    ;    ; 6.115 ;
; a[26]      ; y[28]       ; 5.403 ;    ;    ; 5.789 ;
; a[27]      ; y[29]       ; 6.379 ;    ;    ; 6.793 ;
; a[28]      ; y[30]       ; 5.802 ;    ;    ; 6.170 ;
; a[29]      ; y[31]       ; 5.492 ;    ;    ; 5.868 ;
+------------+-------------+-------+----+----+-------+


----------------------------------------------
; Slow 1200mV 85C Model Metastability Report ;
----------------------------------------------
No synchronizer chains to report.


-------------------------------------
; Slow 1200mV 0C Model Fmax Summary ;
-------------------------------------
No paths to report.


--------------------------------------
; Slow 1200mV 0C Model Setup Summary ;
--------------------------------------
No paths to report.


-------------------------------------
; Slow 1200mV 0C Model Hold Summary ;
-------------------------------------
No paths to report.


-----------------------------------------
; Slow 1200mV 0C Model Recovery Summary ;
-----------------------------------------
No paths to report.


----------------------------------------
; Slow 1200mV 0C Model Removal Summary ;
----------------------------------------
No paths to report.


----------------------------------------------------
; Slow 1200mV 0C Model Minimum Pulse Width Summary ;
----------------------------------------------------
No paths to report.


+----------------------------------------------------+
; Propagation Delay                                  ;
+------------+-------------+-------+----+----+-------+
; Input Port ; Output Port ; RR    ; RF ; FR ; FF    ;
+------------+-------------+-------+----+----+-------+
; a[0]       ; y[2]        ; 5.179 ;    ;    ; 5.523 ;
; a[1]       ; y[3]        ; 5.869 ;    ;    ; 6.167 ;
; a[2]       ; y[4]        ; 5.507 ;    ;    ; 5.810 ;
; a[3]       ; y[5]        ; 5.528 ;    ;    ; 5.827 ;
; a[4]       ; y[6]        ; 5.520 ;    ;    ; 5.824 ;
; a[5]       ; y[7]        ; 5.555 ;    ;    ; 5.866 ;
; a[6]       ; y[8]        ; 5.272 ;    ;    ; 5.608 ;
; a[7]       ; y[9]        ; 5.585 ;    ;    ; 5.875 ;
; a[8]       ; y[10]       ; 5.274 ;    ;    ; 5.610 ;
; a[9]       ; y[11]       ; 6.741 ;    ;    ; 7.164 ;
; a[10]      ; y[12]       ; 5.554 ;    ;    ; 5.851 ;
; a[11]      ; y[13]       ; 5.608 ;    ;    ; 5.931 ;
; a[12]      ; y[14]       ; 5.423 ;    ;    ; 5.751 ;
; a[13]      ; y[15]       ; 5.179 ;    ;    ; 5.523 ;
; a[14]      ; y[16]       ; 5.521 ;    ;    ; 5.823 ;
; a[15]      ; y[17]       ; 5.584 ;    ;    ; 5.907 ;
; a[16]      ; y[18]       ; 5.515 ;    ;    ; 5.819 ;
; a[17]      ; y[19]       ; 5.640 ;    ;    ; 5.987 ;
; a[18]      ; y[20]       ; 5.585 ;    ;    ; 5.891 ;
; a[19]      ; y[21]       ; 5.527 ;    ;    ; 5.826 ;
; a[20]      ; y[22]       ; 5.572 ;    ;    ; 5.882 ;
; a[21]      ; y[23]       ; 5.574 ;    ;    ; 5.884 ;
; a[22]      ; y[24]       ; 5.646 ;    ;    ; 5.954 ;
; a[23]      ; y[25]       ; 5.522 ;    ;    ; 5.824 ;
; a[24]      ; y[26]       ; 5.503 ;    ;    ; 5.796 ;
; a[25]      ; y[27]       ; 5.523 ;    ;    ; 5.828 ;
; a[26]      ; y[28]       ; 5.179 ;    ;    ; 5.523 ;
; a[27]      ; y[29]       ; 6.125 ;    ;    ; 6.460 ;
; a[28]      ; y[30]       ; 5.567 ;    ;    ; 5.879 ;
; a[29]      ; y[31]       ; 5.269 ;    ;    ; 5.604 ;
+------------+-------------+-------+----+----+-------+


+----------------------------------------------------+
; Minimum Propagation Delay                          ;
+------------+-------------+-------+----+----+-------+
; Input Port ; Output Port ; RR    ; RF ; FR ; FF    ;
+------------+-------------+-------+----+----+-------+
; a[0]       ; y[2]        ; 5.016 ;    ;    ; 5.351 ;
; a[1]       ; y[3]        ; 5.679 ;    ;    ; 5.970 ;
; a[2]       ; y[4]        ; 5.331 ;    ;    ; 5.627 ;
; a[3]       ; y[5]        ; 5.351 ;    ;    ; 5.644 ;
; a[4]       ; y[6]        ; 5.344 ;    ;    ; 5.641 ;
; a[5]       ; y[7]        ; 5.377 ;    ;    ; 5.681 ;
; a[6]       ; y[8]        ; 5.110 ;    ;    ; 5.437 ;
; a[7]       ; y[9]        ; 5.410 ;    ;    ; 5.693 ;
; a[8]       ; y[10]       ; 5.111 ;    ;    ; 5.438 ;
; a[9]       ; y[11]       ; 6.568 ;    ;    ; 6.981 ;
; a[10]      ; y[12]       ; 5.376 ;    ;    ; 5.666 ;
; a[11]      ; y[13]       ; 5.428 ;    ;    ; 5.744 ;
; a[12]      ; y[14]       ; 5.250 ;    ;    ; 5.570 ;
; a[13]      ; y[15]       ; 5.016 ;    ;    ; 5.351 ;
; a[14]      ; y[16]       ; 5.344 ;    ;    ; 5.640 ;
; a[15]      ; y[17]       ; 5.405 ;    ;    ; 5.720 ;
; a[16]      ; y[18]       ; 5.338 ;    ;    ; 5.636 ;
; a[17]      ; y[19]       ; 5.458 ;    ;    ; 5.797 ;
; a[18]      ; y[20]       ; 5.406 ;    ;    ; 5.705 ;
; a[19]      ; y[21]       ; 5.350 ;    ;    ; 5.643 ;
; a[20]      ; y[22]       ; 5.394 ;    ;    ; 5.696 ;
; a[21]      ; y[23]       ; 5.395 ;    ;    ; 5.698 ;
; a[22]      ; y[24]       ; 5.465 ;    ;    ; 5.765 ;
; a[23]      ; y[25]       ; 5.345 ;    ;    ; 5.641 ;
; a[24]      ; y[26]       ; 5.327 ;    ;    ; 5.613 ;
; a[25]      ; y[27]       ; 5.347 ;    ;    ; 5.644 ;
; a[26]      ; y[28]       ; 5.016 ;    ;    ; 5.351 ;
; a[27]      ; y[29]       ; 5.925 ;    ;    ; 6.251 ;
; a[28]      ; y[30]       ; 5.389 ;    ;    ; 5.693 ;
; a[29]      ; y[31]       ; 5.106 ;    ;    ; 5.432 ;
+------------+-------------+-------+----+----+-------+


---------------------------------------------
; Slow 1200mV 0C Model Metastability Report ;
---------------------------------------------
No synchronizer chains to report.


--------------------------------------
; Fast 1200mV 0C Model Setup Summary ;
--------------------------------------
No paths to report.


-------------------------------------
; Fast 1200mV 0C Model Hold Summary ;
-------------------------------------
No paths to report.


-----------------------------------------
; Fast 1200mV 0C Model Recovery Summary ;
-----------------------------------------
No paths to report.


----------------------------------------
; Fast 1200mV 0C Model Removal Summary ;
----------------------------------------
No paths to report.


----------------------------------------------------
; Fast 1200mV 0C Model Minimum Pulse Width Summary ;
----------------------------------------------------
No paths to report.


+----------------------------------------------------+
; Propagation Delay                                  ;
+------------+-------------+-------+----+----+-------+
; Input Port ; Output Port ; RR    ; RF ; FR ; FF    ;
+------------+-------------+-------+----+----+-------+
; a[0]       ; y[2]        ; 3.320 ;    ;    ; 3.862 ;
; a[1]       ; y[3]        ; 3.749 ;    ;    ; 4.334 ;
; a[2]       ; y[4]        ; 3.510 ;    ;    ; 4.069 ;
; a[3]       ; y[5]        ; 3.519 ;    ;    ; 4.078 ;
; a[4]       ; y[6]        ; 3.520 ;    ;    ; 4.080 ;
; a[5]       ; y[7]        ; 3.544 ;    ;    ; 4.110 ;
; a[6]       ; y[8]        ; 3.372 ;    ;    ; 3.935 ;
; a[7]       ; y[9]        ; 3.540 ;    ;    ; 4.114 ;
; a[8]       ; y[10]       ; 3.373 ;    ;    ; 3.937 ;
; a[9]       ; y[11]       ; 4.420 ;    ;    ; 5.044 ;
; a[10]      ; y[12]       ; 3.535 ;    ;    ; 4.096 ;
; a[11]      ; y[13]       ; 3.581 ;    ;    ; 4.159 ;
; a[12]      ; y[14]       ; 3.469 ;    ;    ; 4.029 ;
; a[13]      ; y[15]       ; 3.320 ;    ;    ; 3.862 ;
; a[14]      ; y[16]       ; 3.518 ;    ;    ; 4.078 ;
; a[15]      ; y[17]       ; 3.560 ;    ;    ; 4.141 ;
; a[16]      ; y[18]       ; 3.516 ;    ;    ; 4.075 ;
; a[17]      ; y[19]       ; 3.611 ;    ;    ; 4.204 ;
; a[18]      ; y[20]       ; 3.560 ;    ;    ; 4.127 ;
; a[19]      ; y[21]       ; 3.518 ;    ;    ; 4.077 ;
; a[20]      ; y[22]       ; 3.551 ;    ;    ; 4.118 ;
; a[21]      ; y[23]       ; 3.552 ;    ;    ; 4.120 ;
; a[22]      ; y[24]       ; 3.603 ;    ;    ; 4.171 ;
; a[23]      ; y[25]       ; 3.518 ;    ;    ; 4.078 ;
; a[24]      ; y[26]       ; 3.495 ;    ;    ; 4.042 ;
; a[25]      ; y[27]       ; 3.522 ;    ;    ; 4.082 ;
; a[26]      ; y[28]       ; 3.320 ;    ;    ; 3.862 ;
; a[27]      ; y[29]       ; 3.893 ;    ;    ; 4.534 ;
; a[28]      ; y[30]       ; 3.552 ;    ;    ; 4.119 ;
; a[29]      ; y[31]       ; 3.369 ;    ;    ; 3.932 ;
+------------+-------------+-------+----+----+-------+


+----------------------------------------------------+
; Minimum Propagation Delay                          ;
+------------+-------------+-------+----+----+-------+
; Input Port ; Output Port ; RR    ; RF ; FR ; FF    ;
+------------+-------------+-------+----+----+-------+
; a[0]       ; y[2]        ; 3.216 ;    ;    ; 3.752 ;
; a[1]       ; y[3]        ; 3.628 ;    ;    ; 4.205 ;
; a[2]       ; y[4]        ; 3.399 ;    ;    ; 3.951 ;
; a[3]       ; y[5]        ; 3.407 ;    ;    ; 3.959 ;
; a[4]       ; y[6]        ; 3.408 ;    ;    ; 3.961 ;
; a[5]       ; y[7]        ; 3.431 ;    ;    ; 3.990 ;
; a[6]       ; y[8]        ; 3.268 ;    ;    ; 3.826 ;
; a[7]       ; y[9]        ; 3.429 ;    ;    ; 3.997 ;
; a[8]       ; y[10]       ; 3.269 ;    ;    ; 3.827 ;
; a[9]       ; y[11]       ; 4.308 ;    ;    ; 4.927 ;
; a[10]      ; y[12]       ; 3.423 ;    ;    ; 3.976 ;
; a[11]      ; y[13]       ; 3.466 ;    ;    ; 4.037 ;
; a[12]      ; y[14]       ; 3.358 ;    ;    ; 3.913 ;
; a[13]      ; y[15]       ; 3.216 ;    ;    ; 3.752 ;
; a[14]      ; y[16]       ; 3.406 ;    ;    ; 3.959 ;
; a[15]      ; y[17]       ; 3.447 ;    ;    ; 4.020 ;
; a[16]      ; y[18]       ; 3.404 ;    ;    ; 3.957 ;
; a[17]      ; y[19]       ; 3.495 ;    ;    ; 4.080 ;
; a[18]      ; y[20]       ; 3.446 ;    ;    ; 4.006 ;
; a[19]      ; y[21]       ; 3.406 ;    ;    ; 3.958 ;
; a[20]      ; y[22]       ; 3.438 ;    ;    ; 3.998 ;
; a[21]      ; y[23]       ; 3.439 ;    ;    ; 3.999 ;
; a[22]      ; y[24]       ; 3.487 ;    ;    ; 4.049 ;
; a[23]      ; y[25]       ; 3.406 ;    ;    ; 3.959 ;
; a[24]      ; y[26]       ; 3.384 ;    ;    ; 3.925 ;
; a[25]      ; y[27]       ; 3.410 ;    ;    ; 3.963 ;
; a[26]      ; y[28]       ; 3.216 ;    ;    ; 3.752 ;
; a[27]      ; y[29]       ; 3.767 ;    ;    ; 4.397 ;
; a[28]      ; y[30]       ; 3.439 ;    ;    ; 3.998 ;
; a[29]      ; y[31]       ; 3.264 ;    ;    ; 3.822 ;
+------------+-------------+-------+----+----+-------+


---------------------------------------------
; Fast 1200mV 0C Model Metastability Report ;
---------------------------------------------
No synchronizer chains to report.


+----------------------------------------------------------------------------+
; Multicorner Timing Analysis Summary                                        ;
+------------------+-------+------+----------+---------+---------------------+
; Clock            ; Setup ; Hold ; Recovery ; Removal ; Minimum Pulse Width ;
+------------------+-------+------+----------+---------+---------------------+
; Worst-case Slack ; N/A   ; N/A  ; N/A      ; N/A     ; N/A                 ;
; Design-wide TNS  ; 0.0   ; 0.0  ; 0.0      ; 0.0     ; 0.0                 ;
+------------------+-------+------+----------+---------+---------------------+


+----------------------------------------------------+
; Progagation Delay                                  ;
+------------+-------------+-------+----+----+-------+
; Input Port ; Output Port ; RR    ; RF ; FR ; FF    ;
+------------+-------------+-------+----+----+-------+
; a[0]       ; y[2]        ; 5.579 ;    ;    ; 5.976 ;
; a[1]       ; y[3]        ; 6.325 ;    ;    ; 6.690 ;
; a[2]       ; y[4]        ; 5.928 ;    ;    ; 6.295 ;
; a[3]       ; y[5]        ; 5.952 ;    ;    ; 6.313 ;
; a[4]       ; y[6]        ; 5.944 ;    ;    ; 6.312 ;
; a[5]       ; y[7]        ; 5.982 ;    ;    ; 6.358 ;
; a[6]       ; y[8]        ; 5.672 ;    ;    ; 6.061 ;
; a[7]       ; y[9]        ; 6.000 ;    ;    ; 6.364 ;
; a[8]       ; y[10]       ; 5.674 ;    ;    ; 6.063 ;
; a[9]       ; y[11]       ; 7.167 ;    ;    ; 7.649 ;
; a[10]      ; y[12]       ; 5.977 ;    ;    ; 6.342 ;
; a[11]      ; y[13]       ; 6.040 ;    ;    ; 6.431 ;
; a[12]      ; y[14]       ; 5.845 ;    ;    ; 6.233 ;
; a[13]      ; y[15]       ; 5.579 ;    ;    ; 5.976 ;
; a[14]      ; y[16]       ; 5.943 ;    ;    ; 6.310 ;
; a[15]      ; y[17]       ; 6.014 ;    ;    ; 6.401 ;
; a[16]      ; y[18]       ; 5.937 ;    ;    ; 6.305 ;
; a[17]      ; y[19]       ; 6.078 ;    ;    ; 6.476 ;
; a[18]      ; y[20]       ; 6.012 ;    ;    ; 6.387 ;
; a[19]      ; y[21]       ; 5.950 ;    ;    ; 6.311 ;
; a[20]      ; y[22]       ; 6.002 ;    ;    ; 6.374 ;
; a[21]      ; y[23]       ; 6.004 ;    ;    ; 6.377 ;
; a[22]      ; y[24]       ; 6.083 ;    ;    ; 6.454 ;
; a[23]      ; y[25]       ; 5.944 ;    ;    ; 6.311 ;
; a[24]      ; y[26]       ; 5.919 ;    ;    ; 6.284 ;
; a[25]      ; y[27]       ; 5.947 ;    ;    ; 6.315 ;
; a[26]      ; y[28]       ; 5.579 ;    ;    ; 5.976 ;
; a[27]      ; y[29]       ; 6.597 ;    ;    ; 7.021 ;
; a[28]      ; y[30]       ; 5.996 ;    ;    ; 6.372 ;
; a[29]      ; y[31]       ; 5.668 ;    ;    ; 6.055 ;
+------------+-------------+-------+----+----+-------+


+----------------------------------------------------+
; Minimum Progagation Delay                          ;
+------------+-------------+-------+----+----+-------+
; Input Port ; Output Port ; RR    ; RF ; FR ; FF    ;
+------------+-------------+-------+----+----+-------+
; a[0]       ; y[2]        ; 3.216 ;    ;    ; 3.752 ;
; a[1]       ; y[3]        ; 3.628 ;    ;    ; 4.205 ;
; a[2]       ; y[4]        ; 3.399 ;    ;    ; 3.951 ;
; a[3]       ; y[5]        ; 3.407 ;    ;    ; 3.959 ;
; a[4]       ; y[6]        ; 3.408 ;    ;    ; 3.961 ;
; a[5]       ; y[7]        ; 3.431 ;    ;    ; 3.990 ;
; a[6]       ; y[8]        ; 3.268 ;    ;    ; 3.826 ;
; a[7]       ; y[9]        ; 3.429 ;    ;    ; 3.997 ;
; a[8]       ; y[10]       ; 3.269 ;    ;    ; 3.827 ;
; a[9]       ; y[11]       ; 4.308 ;    ;    ; 4.927 ;
; a[10]      ; y[12]       ; 3.423 ;    ;    ; 3.976 ;
; a[11]      ; y[13]       ; 3.466 ;    ;    ; 4.037 ;
; a[12]      ; y[14]       ; 3.358 ;    ;    ; 3.913 ;
; a[13]      ; y[15]       ; 3.216 ;    ;    ; 3.752 ;
; a[14]      ; y[16]       ; 3.406 ;    ;    ; 3.959 ;
; a[15]      ; y[17]       ; 3.447 ;    ;    ; 4.020 ;
; a[16]      ; y[18]       ; 3.404 ;    ;    ; 3.957 ;
; a[17]      ; y[19]       ; 3.495 ;    ;    ; 4.080 ;
; a[18]      ; y[20]       ; 3.446 ;    ;    ; 4.006 ;
; a[19]      ; y[21]       ; 3.406 ;    ;    ; 3.958 ;
; a[20]      ; y[22]       ; 3.438 ;    ;    ; 3.998 ;
; a[21]      ; y[23]       ; 3.439 ;    ;    ; 3.999 ;
; a[22]      ; y[24]       ; 3.487 ;    ;    ; 4.049 ;
; a[23]      ; y[25]       ; 3.406 ;    ;    ; 3.959 ;
; a[24]      ; y[26]       ; 3.384 ;    ;    ; 3.925 ;
; a[25]      ; y[27]       ; 3.410 ;    ;    ; 3.963 ;
; a[26]      ; y[28]       ; 3.216 ;    ;    ; 3.752 ;
; a[27]      ; y[29]       ; 3.767 ;    ;    ; 4.397 ;
; a[28]      ; y[30]       ; 3.439 ;    ;    ; 3.998 ;
; a[29]      ; y[31]       ; 3.264 ;    ;    ; 3.822 ;
+------------+-------------+-------+----+----+-------+


+------------------------------------------------------------------------------------------------------------------------------------------------------------------------------------------------------------------------------------------------------------------------------------------------------------------------------------------------------------------+
; Board Trace Model Assignments                                                                                                                                                                                                                                                                                                                                    ;
+---------------+--------------+-------------------+-------------------------+-------------------------+---------------+---------------------+----------------+------------------+--------+------------------+------------------------+------------------------+--------------+---------------+-----------------+-------+---------------------+--------------------+
; Pin           ; I/O Standard ; Near Tline Length ; Near Tline L per Length ; Near Tline C per Length ; Near Series R ; Near Differential R ; Near Pull-up R ; Near Pull-down R ; Near C ; Far Tline Length ; Far Tline L per Length ; Far Tline C per Length ; Far Series R ; Far Pull-up R ; Far Pull-down R ; Far C ; Termination Voltage ; Far Differential R ;
+---------------+--------------+-------------------+-------------------------+-------------------------+---------------+---------------------+----------------+------------------+--------+------------------+------------------------+------------------------+--------------+---------------+-----------------+-------+---------------------+--------------------+
; y[0]          ; 2.5 V        ; 0 in              ; 0 H/in                  ; 0 F/in                  ; short         ; -                   ; open           ; open             ; open   ; 0 in             ; 0 H/in                 ; 0 F/in                 ; short        ; open          ; open            ; open  ; 0 V                 ; -                  ;
; y[1]          ; 2.5 V        ; 0 in              ; 0 H/in                  ; 0 F/in                  ; short         ; -                   ; open           ; open             ; open   ; 0 in             ; 0 H/in                 ; 0 F/in                 ; short        ; open          ; open            ; open  ; 0 V                 ; -                  ;
; y[2]          ; 2.5 V        ; 0 in              ; 0 H/in                  ; 0 F/in                  ; short         ; -                   ; open           ; open             ; open   ; 0 in             ; 0 H/in                 ; 0 F/in                 ; short        ; open          ; open            ; open  ; 0 V                 ; -                  ;
; y[3]          ; 2.5 V        ; 0 in              ; 0 H/in                  ; 0 F/in                  ; short         ; -                   ; open           ; open             ; open   ; 0 in             ; 0 H/in                 ; 0 F/in                 ; short        ; open          ; open            ; open  ; 0 V                 ; -                  ;
; y[4]          ; 2.5 V        ; 0 in              ; 0 H/in                  ; 0 F/in                  ; short         ; -                   ; open           ; open             ; open   ; 0 in             ; 0 H/in                 ; 0 F/in                 ; short        ; open          ; open            ; open  ; 0 V                 ; -                  ;
; y[5]          ; 2.5 V        ; 0 in              ; 0 H/in                  ; 0 F/in                  ; short         ; -                   ; open           ; open             ; open   ; 0 in             ; 0 H/in                 ; 0 F/in                 ; short        ; open          ; open            ; open  ; 0 V                 ; -                  ;
; y[6]          ; 2.5 V        ; 0 in              ; 0 H/in                  ; 0 F/in                  ; short         ; -                   ; open           ; open             ; open   ; 0 in             ; 0 H/in                 ; 0 F/in                 ; short        ; open          ; open            ; open  ; 0 V                 ; -                  ;
; y[7]          ; 2.5 V        ; 0 in              ; 0 H/in                  ; 0 F/in                  ; short         ; -                   ; open           ; open             ; open   ; 0 in             ; 0 H/in                 ; 0 F/in                 ; short        ; open          ; open            ; open  ; 0 V                 ; -                  ;
; y[8]          ; 2.5 V        ; 0 in              ; 0 H/in                  ; 0 F/in                  ; short         ; -                   ; open           ; open             ; open   ; 0 in             ; 0 H/in                 ; 0 F/in                 ; short        ; open          ; open            ; open  ; 0 V                 ; -                  ;
; y[9]          ; 2.5 V        ; 0 in              ; 0 H/in                  ; 0 F/in                  ; short         ; -                   ; open           ; open             ; open   ; 0 in             ; 0 H/in                 ; 0 F/in                 ; short        ; open          ; open            ; open  ; 0 V                 ; -                  ;
; y[10]         ; 2.5 V        ; 0 in              ; 0 H/in                  ; 0 F/in                  ; short         ; -                   ; open           ; open             ; open   ; 0 in             ; 0 H/in                 ; 0 F/in                 ; short        ; open          ; open            ; open  ; 0 V                 ; -                  ;
; y[11]         ; 2.5 V        ; 0 in              ; 0 H/in                  ; 0 F/in                  ; short         ; -                   ; open           ; open             ; open   ; 0 in             ; 0 H/in                 ; 0 F/in                 ; short        ; open          ; open            ; open  ; 0 V                 ; -                  ;
; y[12]         ; 2.5 V        ; 0 in              ; 0 H/in                  ; 0 F/in                  ; short         ; -                   ; open           ; open             ; open   ; 0 in             ; 0 H/in                 ; 0 F/in                 ; short        ; open          ; open            ; open  ; 0 V                 ; -                  ;
; y[13]         ; 2.5 V        ; 0 in              ; 0 H/in                  ; 0 F/in                  ; short         ; -                   ; open           ; open             ; open   ; 0 in             ; 0 H/in                 ; 0 F/in                 ; short        ; open          ; open            ; open  ; 0 V                 ; -                  ;
; y[14]         ; 2.5 V        ; 0 in              ; 0 H/in                  ; 0 F/in                  ; short         ; -                   ; open           ; open             ; open   ; 0 in             ; 0 H/in                 ; 0 F/in                 ; short        ; open          ; open            ; open  ; 0 V                 ; -                  ;
; y[15]         ; 2.5 V        ; 0 in              ; 0 H/in                  ; 0 F/in                  ; short         ; -                   ; open           ; open             ; open   ; 0 in             ; 0 H/in                 ; 0 F/in                 ; short        ; open          ; open            ; open  ; 0 V                 ; -                  ;
; y[16]         ; 2.5 V        ; 0 in              ; 0 H/in                  ; 0 F/in                  ; short         ; -                   ; open           ; open             ; open   ; 0 in             ; 0 H/in                 ; 0 F/in                 ; short        ; open          ; open            ; open  ; 0 V                 ; -                  ;
; y[17]         ; 2.5 V        ; 0 in              ; 0 H/in                  ; 0 F/in                  ; short         ; -                   ; open           ; open             ; open   ; 0 in             ; 0 H/in                 ; 0 F/in                 ; short        ; open          ; open            ; open  ; 0 V                 ; -                  ;
; y[18]         ; 2.5 V        ; 0 in              ; 0 H/in                  ; 0 F/in                  ; short         ; -                   ; open           ; open             ; open   ; 0 in             ; 0 H/in                 ; 0 F/in                 ; short        ; open          ; open            ; open  ; 0 V                 ; -                  ;
; y[19]         ; 2.5 V        ; 0 in              ; 0 H/in                  ; 0 F/in                  ; short         ; -                   ; open           ; open             ; open   ; 0 in             ; 0 H/in                 ; 0 F/in                 ; short        ; open          ; open            ; open  ; 0 V                 ; -                  ;
; y[20]         ; 2.5 V        ; 0 in              ; 0 H/in                  ; 0 F/in                  ; short         ; -                   ; open           ; open             ; open   ; 0 in             ; 0 H/in                 ; 0 F/in                 ; short        ; open          ; open            ; open  ; 0 V                 ; -                  ;
; y[21]         ; 2.5 V        ; 0 in              ; 0 H/in                  ; 0 F/in                  ; short         ; -                   ; open           ; open             ; open   ; 0 in             ; 0 H/in                 ; 0 F/in                 ; short        ; open          ; open            ; open  ; 0 V                 ; -                  ;
; y[22]         ; 2.5 V        ; 0 in              ; 0 H/in                  ; 0 F/in                  ; short         ; -                   ; open           ; open             ; open   ; 0 in             ; 0 H/in                 ; 0 F/in                 ; short        ; open          ; open            ; open  ; 0 V                 ; -                  ;
; y[23]         ; 2.5 V        ; 0 in              ; 0 H/in                  ; 0 F/in                  ; short         ; -                   ; open           ; open             ; open   ; 0 in             ; 0 H/in                 ; 0 F/in                 ; short        ; open          ; open            ; open  ; 0 V                 ; -                  ;
; y[24]         ; 2.5 V        ; 0 in              ; 0 H/in                  ; 0 F/in                  ; short         ; -                   ; open           ; open             ; open   ; 0 in             ; 0 H/in                 ; 0 F/in                 ; short        ; open          ; open            ; open  ; 0 V                 ; -                  ;
; y[25]         ; 2.5 V        ; 0 in              ; 0 H/in                  ; 0 F/in                  ; short         ; -                   ; open           ; open             ; open   ; 0 in             ; 0 H/in                 ; 0 F/in                 ; short        ; open          ; open            ; open  ; 0 V                 ; -                  ;
; y[26]         ; 2.5 V        ; 0 in              ; 0 H/in                  ; 0 F/in                  ; short         ; -                   ; open           ; open             ; open   ; 0 in             ; 0 H/in                 ; 0 F/in                 ; short        ; open          ; open            ; open  ; 0 V                 ; -                  ;
; y[27]         ; 2.5 V        ; 0 in              ; 0 H/in                  ; 0 F/in                  ; short         ; -                   ; open           ; open             ; open   ; 0 in             ; 0 H/in                 ; 0 F/in                 ; short        ; open          ; open            ; open  ; 0 V                 ; -                  ;
; y[28]         ; 2.5 V        ; 0 in              ; 0 H/in                  ; 0 F/in                  ; short         ; -                   ; open           ; open             ; open   ; 0 in             ; 0 H/in                 ; 0 F/in                 ; short        ; open          ; open            ; open  ; 0 V                 ; -                  ;
; y[29]         ; 2.5 V        ; 0 in              ; 0 H/in                  ; 0 F/in                  ; short         ; -                   ; open           ; open             ; open   ; 0 in             ; 0 H/in                 ; 0 F/in                 ; short        ; open          ; open            ; open  ; 0 V                 ; -                  ;
; y[30]         ; 2.5 V        ; 0 in              ; 0 H/in                  ; 0 F/in                  ; short         ; -                   ; open           ; open             ; open   ; 0 in             ; 0 H/in                 ; 0 F/in                 ; short        ; open          ; open            ; open  ; 0 V                 ; -                  ;
; y[31]         ; 2.5 V        ; 0 in              ; 0 H/in                  ; 0 F/in                  ; short         ; -                   ; open           ; open             ; open   ; 0 in             ; 0 H/in                 ; 0 F/in                 ; short        ; open          ; open            ; open  ; 0 V                 ; -                  ;
; ~ALTERA_DCLK~ ; 2.5 V        ; 0 in              ; 0 H/in                  ; 0 F/in                  ; short         ; -                   ; open           ; open             ; open   ; 0 in             ; 0 H/in                 ; 0 F/in                 ; short        ; open          ; open            ; open  ; 0 V                 ; -                  ;
; ~ALTERA_nCEO~ ; 2.5 V        ; 0 in              ; 0 H/in                  ; 0 F/in                  ; short         ; -                   ; open           ; open             ; open   ; 0 in             ; 0 H/in                 ; 0 F/in                 ; short        ; open          ; open            ; open  ; 0 V                 ; -                  ;
+---------------+--------------+-------------------+-------------------------+-------------------------+---------------+---------------------+----------------+------------------+--------+------------------+------------------------+------------------------+--------------+---------------+-----------------+-------+---------------------+--------------------+


+----------------------------------------------------------------------------+
; Input Transition Times                                                     ;
+-------------------------+--------------+-----------------+-----------------+
; Pin                     ; I/O Standard ; 10-90 Rise Time ; 90-10 Fall Time ;
+-------------------------+--------------+-----------------+-----------------+
; a[30]                   ; 2.5 V        ; 2000 ps         ; 2000 ps         ;
; a[31]                   ; 2.5 V        ; 2000 ps         ; 2000 ps         ;
; a[0]                    ; 2.5 V        ; 2000 ps         ; 2000 ps         ;
; a[1]                    ; 2.5 V        ; 2000 ps         ; 2000 ps         ;
; a[2]                    ; 2.5 V        ; 2000 ps         ; 2000 ps         ;
; a[3]                    ; 2.5 V        ; 2000 ps         ; 2000 ps         ;
; a[4]                    ; 2.5 V        ; 2000 ps         ; 2000 ps         ;
; a[5]                    ; 2.5 V        ; 2000 ps         ; 2000 ps         ;
; a[6]                    ; 2.5 V        ; 2000 ps         ; 2000 ps         ;
; a[7]                    ; 2.5 V        ; 2000 ps         ; 2000 ps         ;
; a[8]                    ; 2.5 V        ; 2000 ps         ; 2000 ps         ;
; a[9]                    ; 2.5 V        ; 2000 ps         ; 2000 ps         ;
; a[10]                   ; 2.5 V        ; 2000 ps         ; 2000 ps         ;
; a[11]                   ; 2.5 V        ; 2000 ps         ; 2000 ps         ;
; a[12]                   ; 2.5 V        ; 2000 ps         ; 2000 ps         ;
; a[13]                   ; 2.5 V        ; 2000 ps         ; 2000 ps         ;
; a[14]                   ; 2.5 V        ; 2000 ps         ; 2000 ps         ;
; a[15]                   ; 2.5 V        ; 2000 ps         ; 2000 ps         ;
; a[16]                   ; 2.5 V        ; 2000 ps         ; 2000 ps         ;
; a[17]                   ; 2.5 V        ; 2000 ps         ; 2000 ps         ;
; a[18]                   ; 2.5 V        ; 2000 ps         ; 2000 ps         ;
; a[19]                   ; 2.5 V        ; 2000 ps         ; 2000 ps         ;
; a[20]                   ; 2.5 V        ; 2000 ps         ; 2000 ps         ;
; a[21]                   ; 2.5 V        ; 2000 ps         ; 2000 ps         ;
; a[22]                   ; 2.5 V        ; 2000 ps         ; 2000 ps         ;
; a[23]                   ; 2.5 V        ; 2000 ps         ; 2000 ps         ;
; a[24]                   ; 2.5 V        ; 2000 ps         ; 2000 ps         ;
; a[25]                   ; 2.5 V        ; 2000 ps         ; 2000 ps         ;
; a[26]                   ; 2.5 V        ; 2000 ps         ; 2000 ps         ;
; a[27]                   ; 2.5 V        ; 2000 ps         ; 2000 ps         ;
; a[28]                   ; 2.5 V        ; 2000 ps         ; 2000 ps         ;
; a[29]                   ; 2.5 V        ; 2000 ps         ; 2000 ps         ;
; ~ALTERA_ASDO_DATA1~     ; 2.5 V        ; 2000 ps         ; 2000 ps         ;
; ~ALTERA_FLASH_nCE_nCSO~ ; 2.5 V        ; 2000 ps         ; 2000 ps         ;
; ~ALTERA_DATA0~          ; 2.5 V        ; 2000 ps         ; 2000 ps         ;
+-------------------------+--------------+-----------------+-----------------+


+--------------------------------------------------------------------------------------------------------------------------------------------------------------------------------------------------------------------------------------------------------------------------------------------------------------------------------------------------------------------------------------------------------------------------------------------------------------------------------------------------------------------------------------------------------------------------------------------------------------------------------------------------------------------------------------------+
; Slow Corner Signal Integrity Metrics                                                                                                                                                                                                                                                                                                                                                                                                                                                                                                                                                                                                                                                       ;
+---------------+--------------+---------------------+---------------------+------------------------------+------------------------------+---------------------+---------------------+--------------------------------------+--------------------------------------+-----------------------------+-----------------------------+----------------------------+----------------------------+-----------------------------+-----------------------------+--------------------+--------------------+-------------------------------------+-------------------------------------+----------------------------+----------------------------+---------------------------+---------------------------+
; Pin           ; I/O Standard ; Board Delay on Rise ; Board Delay on Fall ; Steady State Voh at FPGA Pin ; Steady State Vol at FPGA Pin ; Voh Max at FPGA Pin ; Vol Min at FPGA Pin ; Ringback Voltage on Rise at FPGA Pin ; Ringback Voltage on Fall at FPGA Pin ; 10-90 Rise Time at FPGA Pin ; 90-10 Fall Time at FPGA Pin ; Monotonic Rise at FPGA Pin ; Monotonic Fall at FPGA Pin ; Steady State Voh at Far-end ; Steady State Vol at Far-end ; Voh Max at Far-end ; Vol Min at Far-end ; Ringback Voltage on Rise at Far-end ; Ringback Voltage on Fall at Far-end ; 10-90 Rise Time at Far-end ; 90-10 Fall Time at Far-end ; Monotonic Rise at Far-end ; Monotonic Fall at Far-end ;
+---------------+--------------+---------------------+---------------------+------------------------------+------------------------------+---------------------+---------------------+--------------------------------------+--------------------------------------+-----------------------------+-----------------------------+----------------------------+----------------------------+-----------------------------+-----------------------------+--------------------+--------------------+-------------------------------------+-------------------------------------+----------------------------+----------------------------+---------------------------+---------------------------+
; y[0]          ; 2.5 V        ; 0 s                 ; 0 s                 ; 2.32 V                       ; 1.06e-006 V                  ; 2.36 V              ; -0.00549 V          ; 0.108 V                              ; 0.017 V                              ; 4.48e-010 s                 ; 4.25e-010 s                 ; Yes                        ; Yes                        ; 2.32 V                      ; 1.06e-006 V                 ; 2.36 V             ; -0.00549 V         ; 0.108 V                             ; 0.017 V                             ; 4.48e-010 s                ; 4.25e-010 s                ; Yes                       ; Yes                       ;
; y[1]          ; 2.5 V        ; 0 s                 ; 0 s                 ; 2.32 V                       ; 1.06e-006 V                  ; 2.36 V              ; -0.00549 V          ; 0.108 V                              ; 0.017 V                              ; 4.48e-010 s                 ; 4.25e-010 s                 ; Yes                        ; Yes                        ; 2.32 V                      ; 1.06e-006 V                 ; 2.36 V             ; -0.00549 V         ; 0.108 V                             ; 0.017 V                             ; 4.48e-010 s                ; 4.25e-010 s                ; Yes                       ; Yes                       ;
; y[2]          ; 2.5 V        ; 0 s                 ; 0 s                 ; 2.32 V                       ; 7.11e-007 V                  ; 2.36 V              ; -0.00454 V          ; 0.097 V                              ; 0.012 V                              ; 4.4e-010 s                  ; 4.15e-010 s                 ; Yes                        ; Yes                        ; 2.32 V                      ; 7.11e-007 V                 ; 2.36 V             ; -0.00454 V         ; 0.097 V                             ; 0.012 V                             ; 4.4e-010 s                 ; 4.15e-010 s                ; Yes                       ; Yes                       ;
; y[3]          ; 2.5 V        ; 0 s                 ; 0 s                 ; 2.32 V                       ; 1.06e-006 V                  ; 2.36 V              ; -0.00549 V          ; 0.108 V                              ; 0.017 V                              ; 4.48e-010 s                 ; 4.25e-010 s                 ; Yes                        ; Yes                        ; 2.32 V                      ; 1.06e-006 V                 ; 2.36 V             ; -0.00549 V         ; 0.108 V                             ; 0.017 V                             ; 4.48e-010 s                ; 4.25e-010 s                ; Yes                       ; Yes                       ;
; y[4]          ; 2.5 V        ; 0 s                 ; 0 s                 ; 2.32 V                       ; 1.06e-006 V                  ; 2.36 V              ; -0.00549 V          ; 0.108 V                              ; 0.017 V                              ; 4.48e-010 s                 ; 4.25e-010 s                 ; Yes                        ; Yes                        ; 2.32 V                      ; 1.06e-006 V                 ; 2.36 V             ; -0.00549 V         ; 0.108 V                             ; 0.017 V                             ; 4.48e-010 s                ; 4.25e-010 s                ; Yes                       ; Yes                       ;
; y[5]          ; 2.5 V        ; 0 s                 ; 0 s                 ; 2.32 V                       ; 1.06e-006 V                  ; 2.36 V              ; -0.00549 V          ; 0.108 V                              ; 0.017 V                              ; 4.48e-010 s                 ; 4.25e-010 s                 ; Yes                        ; Yes                        ; 2.32 V                      ; 1.06e-006 V                 ; 2.36 V             ; -0.00549 V         ; 0.108 V                             ; 0.017 V                             ; 4.48e-010 s                ; 4.25e-010 s                ; Yes                       ; Yes                       ;
; y[6]          ; 2.5 V        ; 0 s                 ; 0 s                 ; 2.32 V                       ; 1.06e-006 V                  ; 2.36 V              ; -0.00549 V          ; 0.108 V                              ; 0.017 V                              ; 4.48e-010 s                 ; 4.25e-010 s                 ; Yes                        ; Yes                        ; 2.32 V                      ; 1.06e-006 V                 ; 2.36 V             ; -0.00549 V         ; 0.108 V                             ; 0.017 V                             ; 4.48e-010 s                ; 4.25e-010 s                ; Yes                       ; Yes                       ;
; y[7]          ; 2.5 V        ; 0 s                 ; 0 s                 ; 2.32 V                       ; 1.06e-006 V                  ; 2.36 V              ; -0.00549 V          ; 0.108 V                              ; 0.017 V                              ; 4.48e-010 s                 ; 4.25e-010 s                 ; Yes                        ; Yes                        ; 2.32 V                      ; 1.06e-006 V                 ; 2.36 V             ; -0.00549 V         ; 0.108 V                             ; 0.017 V                             ; 4.48e-010 s                ; 4.25e-010 s                ; Yes                       ; Yes                       ;
; y[8]          ; 2.5 V        ; 0 s                 ; 0 s                 ; 2.32 V                       ; 7.11e-007 V                  ; 2.35 V              ; -0.00823 V          ; 0.102 V                              ; 0.022 V                              ; 6.39e-010 s                 ; 5.99e-010 s                 ; Yes                        ; Yes                        ; 2.32 V                      ; 7.11e-007 V                 ; 2.35 V             ; -0.00823 V         ; 0.102 V                             ; 0.022 V                             ; 6.39e-010 s                ; 5.99e-010 s                ; Yes                       ; Yes                       ;
; y[9]          ; 2.5 V        ; 0 s                 ; 0 s                 ; 2.32 V                       ; 7.11e-007 V                  ; 2.35 V              ; -0.00823 V          ; 0.102 V                              ; 0.022 V                              ; 6.39e-010 s                 ; 5.99e-010 s                 ; Yes                        ; Yes                        ; 2.32 V                      ; 7.11e-007 V                 ; 2.35 V             ; -0.00823 V         ; 0.102 V                             ; 0.022 V                             ; 6.39e-010 s                ; 5.99e-010 s                ; Yes                       ; Yes                       ;
; y[10]         ; 2.5 V        ; 0 s                 ; 0 s                 ; 2.32 V                       ; 7.11e-007 V                  ; 2.35 V              ; -0.00823 V          ; 0.102 V                              ; 0.022 V                              ; 6.39e-010 s                 ; 5.99e-010 s                 ; Yes                        ; Yes                        ; 2.32 V                      ; 7.11e-007 V                 ; 2.35 V             ; -0.00823 V         ; 0.102 V                             ; 0.022 V                             ; 6.39e-010 s                ; 5.99e-010 s                ; Yes                       ; Yes                       ;
; y[11]         ; 2.5 V        ; 0 s                 ; 0 s                 ; 2.32 V                       ; 7.11e-007 V                  ; 2.33 V              ; -0.00353 V          ; 0.131 V                              ; 0.073 V                              ; 3.33e-009 s                 ; 3.13e-009 s                 ; Yes                        ; Yes                        ; 2.32 V                      ; 7.11e-007 V                 ; 2.33 V             ; -0.00353 V         ; 0.131 V                             ; 0.073 V                             ; 3.33e-009 s                ; 3.13e-009 s                ; Yes                       ; Yes                       ;
; y[12]         ; 2.5 V        ; 0 s                 ; 0 s                 ; 2.32 V                       ; 1.06e-006 V                  ; 2.36 V              ; -0.00549 V          ; 0.108 V                              ; 0.017 V                              ; 4.48e-010 s                 ; 4.25e-010 s                 ; Yes                        ; Yes                        ; 2.32 V                      ; 1.06e-006 V                 ; 2.36 V             ; -0.00549 V         ; 0.108 V                             ; 0.017 V                             ; 4.48e-010 s                ; 4.25e-010 s                ; Yes                       ; Yes                       ;
; y[13]         ; 2.5 V        ; 0 s                 ; 0 s                 ; 2.32 V                       ; 1.06e-006 V                  ; 2.36 V              ; -0.00549 V          ; 0.108 V                              ; 0.017 V                              ; 4.48e-010 s                 ; 4.25e-010 s                 ; Yes                        ; Yes                        ; 2.32 V                      ; 1.06e-006 V                 ; 2.36 V             ; -0.00549 V         ; 0.108 V                             ; 0.017 V                             ; 4.48e-010 s                ; 4.25e-010 s                ; Yes                       ; Yes                       ;
; y[14]         ; 2.5 V        ; 0 s                 ; 0 s                 ; 2.32 V                       ; 7.11e-007 V                  ; 2.36 V              ; -0.00454 V          ; 0.097 V                              ; 0.012 V                              ; 4.4e-010 s                  ; 4.15e-010 s                 ; Yes                        ; Yes                        ; 2.32 V                      ; 7.11e-007 V                 ; 2.36 V             ; -0.00454 V         ; 0.097 V                             ; 0.012 V                             ; 4.4e-010 s                 ; 4.15e-010 s                ; Yes                       ; Yes                       ;
; y[15]         ; 2.5 V        ; 0 s                 ; 0 s                 ; 2.32 V                       ; 7.11e-007 V                  ; 2.36 V              ; -0.00454 V          ; 0.097 V                              ; 0.012 V                              ; 4.4e-010 s                  ; 4.15e-010 s                 ; Yes                        ; Yes                        ; 2.32 V                      ; 7.11e-007 V                 ; 2.36 V             ; -0.00454 V         ; 0.097 V                             ; 0.012 V                             ; 4.4e-010 s                 ; 4.15e-010 s                ; Yes                       ; Yes                       ;
; y[16]         ; 2.5 V        ; 0 s                 ; 0 s                 ; 2.32 V                       ; 1.06e-006 V                  ; 2.36 V              ; -0.00549 V          ; 0.108 V                              ; 0.017 V                              ; 4.48e-010 s                 ; 4.25e-010 s                 ; Yes                        ; Yes                        ; 2.32 V                      ; 1.06e-006 V                 ; 2.36 V             ; -0.00549 V         ; 0.108 V                             ; 0.017 V                             ; 4.48e-010 s                ; 4.25e-010 s                ; Yes                       ; Yes                       ;
; y[17]         ; 2.5 V        ; 0 s                 ; 0 s                 ; 2.32 V                       ; 1.06e-006 V                  ; 2.36 V              ; -0.00549 V          ; 0.108 V                              ; 0.017 V                              ; 4.48e-010 s                 ; 4.25e-010 s                 ; Yes                        ; Yes                        ; 2.32 V                      ; 1.06e-006 V                 ; 2.36 V             ; -0.00549 V         ; 0.108 V                             ; 0.017 V                             ; 4.48e-010 s                ; 4.25e-010 s                ; Yes                       ; Yes                       ;
; y[18]         ; 2.5 V        ; 0 s                 ; 0 s                 ; 2.32 V                       ; 1.06e-006 V                  ; 2.36 V              ; -0.00549 V          ; 0.108 V                              ; 0.017 V                              ; 4.48e-010 s                 ; 4.25e-010 s                 ; Yes                        ; Yes                        ; 2.32 V                      ; 1.06e-006 V                 ; 2.36 V             ; -0.00549 V         ; 0.108 V                             ; 0.017 V                             ; 4.48e-010 s                ; 4.25e-010 s                ; Yes                       ; Yes                       ;
; y[19]         ; 2.5 V        ; 0 s                 ; 0 s                 ; 2.32 V                       ; 1.06e-006 V                  ; 2.36 V              ; -0.00549 V          ; 0.108 V                              ; 0.017 V                              ; 4.48e-010 s                 ; 4.25e-010 s                 ; Yes                        ; Yes                        ; 2.32 V                      ; 1.06e-006 V                 ; 2.36 V             ; -0.00549 V         ; 0.108 V                             ; 0.017 V                             ; 4.48e-010 s                ; 4.25e-010 s                ; Yes                       ; Yes                       ;
; y[20]         ; 2.5 V        ; 0 s                 ; 0 s                 ; 2.32 V                       ; 1.06e-006 V                  ; 2.36 V              ; -0.00549 V          ; 0.108 V                              ; 0.017 V                              ; 4.48e-010 s                 ; 4.25e-010 s                 ; Yes                        ; Yes                        ; 2.32 V                      ; 1.06e-006 V                 ; 2.36 V             ; -0.00549 V         ; 0.108 V                             ; 0.017 V                             ; 4.48e-010 s                ; 4.25e-010 s                ; Yes                       ; Yes                       ;
; y[21]         ; 2.5 V        ; 0 s                 ; 0 s                 ; 2.32 V                       ; 1.06e-006 V                  ; 2.36 V              ; -0.00549 V          ; 0.108 V                              ; 0.017 V                              ; 4.48e-010 s                 ; 4.25e-010 s                 ; Yes                        ; Yes                        ; 2.32 V                      ; 1.06e-006 V                 ; 2.36 V             ; -0.00549 V         ; 0.108 V                             ; 0.017 V                             ; 4.48e-010 s                ; 4.25e-010 s                ; Yes                       ; Yes                       ;
; y[22]         ; 2.5 V        ; 0 s                 ; 0 s                 ; 2.32 V                       ; 1.06e-006 V                  ; 2.36 V              ; -0.00549 V          ; 0.108 V                              ; 0.017 V                              ; 4.48e-010 s                 ; 4.25e-010 s                 ; Yes                        ; Yes                        ; 2.32 V                      ; 1.06e-006 V                 ; 2.36 V             ; -0.00549 V         ; 0.108 V                             ; 0.017 V                             ; 4.48e-010 s                ; 4.25e-010 s                ; Yes                       ; Yes                       ;
; y[23]         ; 2.5 V        ; 0 s                 ; 0 s                 ; 2.32 V                       ; 1.06e-006 V                  ; 2.36 V              ; -0.00549 V          ; 0.108 V                              ; 0.017 V                              ; 4.48e-010 s                 ; 4.25e-010 s                 ; Yes                        ; Yes                        ; 2.32 V                      ; 1.06e-006 V                 ; 2.36 V             ; -0.00549 V         ; 0.108 V                             ; 0.017 V                             ; 4.48e-010 s                ; 4.25e-010 s                ; Yes                       ; Yes                       ;
; y[24]         ; 2.5 V        ; 0 s                 ; 0 s                 ; 2.32 V                       ; 1.06e-006 V                  ; 2.36 V              ; -0.00549 V          ; 0.108 V                              ; 0.017 V                              ; 4.48e-010 s                 ; 4.25e-010 s                 ; Yes                        ; Yes                        ; 2.32 V                      ; 1.06e-006 V                 ; 2.36 V             ; -0.00549 V         ; 0.108 V                             ; 0.017 V                             ; 4.48e-010 s                ; 4.25e-010 s                ; Yes                       ; Yes                       ;
; y[25]         ; 2.5 V        ; 0 s                 ; 0 s                 ; 2.32 V                       ; 1.06e-006 V                  ; 2.36 V              ; -0.00549 V          ; 0.108 V                              ; 0.017 V                              ; 4.48e-010 s                 ; 4.25e-010 s                 ; Yes                        ; Yes                        ; 2.32 V                      ; 1.06e-006 V                 ; 2.36 V             ; -0.00549 V         ; 0.108 V                             ; 0.017 V                             ; 4.48e-010 s                ; 4.25e-010 s                ; Yes                       ; Yes                       ;
; y[26]         ; 2.5 V        ; 0 s                 ; 0 s                 ; 2.32 V                       ; 7.11e-007 V                  ; 2.36 V              ; -0.00454 V          ; 0.097 V                              ; 0.012 V                              ; 4.4e-010 s                  ; 4.15e-010 s                 ; Yes                        ; Yes                        ; 2.32 V                      ; 7.11e-007 V                 ; 2.36 V             ; -0.00454 V         ; 0.097 V                             ; 0.012 V                             ; 4.4e-010 s                 ; 4.15e-010 s                ; Yes                       ; Yes                       ;
; y[27]         ; 2.5 V        ; 0 s                 ; 0 s                 ; 2.32 V                       ; 1.06e-006 V                  ; 2.36 V              ; -0.00549 V          ; 0.108 V                              ; 0.017 V                              ; 4.48e-010 s                 ; 4.25e-010 s                 ; Yes                        ; Yes                        ; 2.32 V                      ; 1.06e-006 V                 ; 2.36 V             ; -0.00549 V         ; 0.108 V                             ; 0.017 V                             ; 4.48e-010 s                ; 4.25e-010 s                ; Yes                       ; Yes                       ;
; y[28]         ; 2.5 V        ; 0 s                 ; 0 s                 ; 2.32 V                       ; 7.11e-007 V                  ; 2.36 V              ; -0.00454 V          ; 0.097 V                              ; 0.012 V                              ; 4.4e-010 s                  ; 4.15e-010 s                 ; Yes                        ; Yes                        ; 2.32 V                      ; 7.11e-007 V                 ; 2.36 V             ; -0.00454 V         ; 0.097 V                             ; 0.012 V                             ; 4.4e-010 s                 ; 4.15e-010 s                ; Yes                       ; Yes                       ;
; y[29]         ; 2.5 V        ; 0 s                 ; 0 s                 ; 2.32 V                       ; 1.06e-006 V                  ; 2.36 V              ; -0.00549 V          ; 0.108 V                              ; 0.017 V                              ; 4.48e-010 s                 ; 4.25e-010 s                 ; Yes                        ; Yes                        ; 2.32 V                      ; 1.06e-006 V                 ; 2.36 V             ; -0.00549 V         ; 0.108 V                             ; 0.017 V                             ; 4.48e-010 s                ; 4.25e-010 s                ; Yes                       ; Yes                       ;
; y[30]         ; 2.5 V        ; 0 s                 ; 0 s                 ; 2.32 V                       ; 1.06e-006 V                  ; 2.36 V              ; -0.00549 V          ; 0.108 V                              ; 0.017 V                              ; 4.48e-010 s                 ; 4.25e-010 s                 ; Yes                        ; Yes                        ; 2.32 V                      ; 1.06e-006 V                 ; 2.36 V             ; -0.00549 V         ; 0.108 V                             ; 0.017 V                             ; 4.48e-010 s                ; 4.25e-010 s                ; Yes                       ; Yes                       ;
; y[31]         ; 2.5 V        ; 0 s                 ; 0 s                 ; 2.32 V                       ; 7.11e-007 V                  ; 2.35 V              ; -0.00823 V          ; 0.102 V                              ; 0.022 V                              ; 6.39e-010 s                 ; 5.99e-010 s                 ; Yes                        ; Yes                        ; 2.32 V                      ; 7.11e-007 V                 ; 2.35 V             ; -0.00823 V         ; 0.102 V                             ; 0.022 V                             ; 6.39e-010 s                ; 5.99e-010 s                ; Yes                       ; Yes                       ;
; ~ALTERA_DCLK~ ; 2.5 V        ; 0 s                 ; 0 s                 ; 2.32 V                       ; 5.68e-007 V                  ; 2.36 V              ; -0.0226 V           ; 0.073 V                              ; 0.034 V                              ; 3.97e-010 s                 ; 3.26e-010 s                 ; Yes                        ; Yes                        ; 2.32 V                      ; 5.68e-007 V                 ; 2.36 V             ; -0.0226 V          ; 0.073 V                             ; 0.034 V                             ; 3.97e-010 s                ; 3.26e-010 s                ; Yes                       ; Yes                       ;
; ~ALTERA_nCEO~ ; 2.5 V        ; 0 s                 ; 0 s                 ; 2.32 V                       ; 9.36e-007 V                  ; 2.35 V              ; -0.00575 V          ; 0.081 V                              ; 0.032 V                              ; 5.3e-010 s                  ; 7.56e-010 s                 ; Yes                        ; Yes                        ; 2.32 V                      ; 9.36e-007 V                 ; 2.35 V             ; -0.00575 V         ; 0.081 V                             ; 0.032 V                             ; 5.3e-010 s                 ; 7.56e-010 s                ; Yes                       ; Yes                       ;
+---------------+--------------+---------------------+---------------------+------------------------------+------------------------------+---------------------+---------------------+--------------------------------------+--------------------------------------+-----------------------------+-----------------------------+----------------------------+----------------------------+-----------------------------+-----------------------------+--------------------+--------------------+-------------------------------------+-------------------------------------+----------------------------+----------------------------+---------------------------+---------------------------+


+--------------------------------------------------------------------------------------------------------------------------------------------------------------------------------------------------------------------------------------------------------------------------------------------------------------------------------------------------------------------------------------------------------------------------------------------------------------------------------------------------------------------------------------------------------------------------------------------------------------------------------------------------------------------------------------------+
; Fast Corner Signal Integrity Metrics                                                                                                                                                                                                                                                                                                                                                                                                                                                                                                                                                                                                                                                       ;
+---------------+--------------+---------------------+---------------------+------------------------------+------------------------------+---------------------+---------------------+--------------------------------------+--------------------------------------+-----------------------------+-----------------------------+----------------------------+----------------------------+-----------------------------+-----------------------------+--------------------+--------------------+-------------------------------------+-------------------------------------+----------------------------+----------------------------+---------------------------+---------------------------+
; Pin           ; I/O Standard ; Board Delay on Rise ; Board Delay on Fall ; Steady State Voh at FPGA Pin ; Steady State Vol at FPGA Pin ; Voh Max at FPGA Pin ; Vol Min at FPGA Pin ; Ringback Voltage on Rise at FPGA Pin ; Ringback Voltage on Fall at FPGA Pin ; 10-90 Rise Time at FPGA Pin ; 90-10 Fall Time at FPGA Pin ; Monotonic Rise at FPGA Pin ; Monotonic Fall at FPGA Pin ; Steady State Voh at Far-end ; Steady State Vol at Far-end ; Voh Max at Far-end ; Vol Min at Far-end ; Ringback Voltage on Rise at Far-end ; Ringback Voltage on Fall at Far-end ; 10-90 Rise Time at Far-end ; 90-10 Fall Time at Far-end ; Monotonic Rise at Far-end ; Monotonic Fall at Far-end ;
+---------------+--------------+---------------------+---------------------+------------------------------+------------------------------+---------------------+---------------------+--------------------------------------+--------------------------------------+-----------------------------+-----------------------------+----------------------------+----------------------------+-----------------------------+-----------------------------+--------------------+--------------------+-------------------------------------+-------------------------------------+----------------------------+----------------------------+---------------------------+---------------------------+
; y[0]          ; 2.5 V        ; 0 s                 ; 0 s                 ; 2.62 V                       ; 4.02e-008 V                  ; 2.71 V              ; -0.0351 V           ; 0.173 V                              ; 0.098 V                              ; 2.73e-010 s                 ; 2.69e-010 s                 ; Yes                        ; Yes                        ; 2.62 V                      ; 4.02e-008 V                 ; 2.71 V             ; -0.0351 V          ; 0.173 V                             ; 0.098 V                             ; 2.73e-010 s                ; 2.69e-010 s                ; Yes                       ; Yes                       ;
; y[1]          ; 2.5 V        ; 0 s                 ; 0 s                 ; 2.62 V                       ; 4.02e-008 V                  ; 2.71 V              ; -0.0351 V           ; 0.173 V                              ; 0.098 V                              ; 2.73e-010 s                 ; 2.69e-010 s                 ; Yes                        ; Yes                        ; 2.62 V                      ; 4.02e-008 V                 ; 2.71 V             ; -0.0351 V          ; 0.173 V                             ; 0.098 V                             ; 2.73e-010 s                ; 2.69e-010 s                ; Yes                       ; Yes                       ;
; y[2]          ; 2.5 V        ; 0 s                 ; 0 s                 ; 2.62 V                       ; 2.7e-008 V                   ; 2.72 V              ; -0.0401 V           ; 0.163 V                              ; 0.091 V                              ; 2.71e-010 s                 ; 2.61e-010 s                 ; Yes                        ; Yes                        ; 2.62 V                      ; 2.7e-008 V                  ; 2.72 V             ; -0.0401 V          ; 0.163 V                             ; 0.091 V                             ; 2.71e-010 s                ; 2.61e-010 s                ; Yes                       ; Yes                       ;
; y[3]          ; 2.5 V        ; 0 s                 ; 0 s                 ; 2.62 V                       ; 4.02e-008 V                  ; 2.71 V              ; -0.0351 V           ; 0.173 V                              ; 0.098 V                              ; 2.73e-010 s                 ; 2.69e-010 s                 ; Yes                        ; Yes                        ; 2.62 V                      ; 4.02e-008 V                 ; 2.71 V             ; -0.0351 V          ; 0.173 V                             ; 0.098 V                             ; 2.73e-010 s                ; 2.69e-010 s                ; Yes                       ; Yes                       ;
; y[4]          ; 2.5 V        ; 0 s                 ; 0 s                 ; 2.62 V                       ; 4.02e-008 V                  ; 2.71 V              ; -0.0351 V           ; 0.173 V                              ; 0.098 V                              ; 2.73e-010 s                 ; 2.69e-010 s                 ; Yes                        ; Yes                        ; 2.62 V                      ; 4.02e-008 V                 ; 2.71 V             ; -0.0351 V          ; 0.173 V                             ; 0.098 V                             ; 2.73e-010 s                ; 2.69e-010 s                ; Yes                       ; Yes                       ;
; y[5]          ; 2.5 V        ; 0 s                 ; 0 s                 ; 2.62 V                       ; 4.02e-008 V                  ; 2.71 V              ; -0.0351 V           ; 0.173 V                              ; 0.098 V                              ; 2.73e-010 s                 ; 2.69e-010 s                 ; Yes                        ; Yes                        ; 2.62 V                      ; 4.02e-008 V                 ; 2.71 V             ; -0.0351 V          ; 0.173 V                             ; 0.098 V                             ; 2.73e-010 s                ; 2.69e-010 s                ; Yes                       ; Yes                       ;
; y[6]          ; 2.5 V        ; 0 s                 ; 0 s                 ; 2.62 V                       ; 4.02e-008 V                  ; 2.71 V              ; -0.0351 V           ; 0.173 V                              ; 0.098 V                              ; 2.73e-010 s                 ; 2.69e-010 s                 ; Yes                        ; Yes                        ; 2.62 V                      ; 4.02e-008 V                 ; 2.71 V             ; -0.0351 V          ; 0.173 V                             ; 0.098 V                             ; 2.73e-010 s                ; 2.69e-010 s                ; Yes                       ; Yes                       ;
; y[7]          ; 2.5 V        ; 0 s                 ; 0 s                 ; 2.62 V                       ; 4.02e-008 V                  ; 2.71 V              ; -0.0351 V           ; 0.173 V                              ; 0.098 V                              ; 2.73e-010 s                 ; 2.69e-010 s                 ; Yes                        ; Yes                        ; 2.62 V                      ; 4.02e-008 V                 ; 2.71 V             ; -0.0351 V          ; 0.173 V                             ; 0.098 V                             ; 2.73e-010 s                ; 2.69e-010 s                ; Yes                       ; Yes                       ;
; y[8]          ; 2.5 V        ; 0 s                 ; 0 s                 ; 2.62 V                       ; 2.7e-008 V                   ; 2.71 V              ; -0.0352 V           ; 0.147 V                              ; 0.066 V                              ; 4.51e-010 s                 ; 4.15e-010 s                 ; No                         ; Yes                        ; 2.62 V                      ; 2.7e-008 V                  ; 2.71 V             ; -0.0352 V          ; 0.147 V                             ; 0.066 V                             ; 4.51e-010 s                ; 4.15e-010 s                ; No                        ; Yes                       ;
; y[9]          ; 2.5 V        ; 0 s                 ; 0 s                 ; 2.62 V                       ; 2.7e-008 V                   ; 2.71 V              ; -0.0352 V           ; 0.147 V                              ; 0.066 V                              ; 4.51e-010 s                 ; 4.15e-010 s                 ; No                         ; Yes                        ; 2.62 V                      ; 2.7e-008 V                  ; 2.71 V             ; -0.0352 V          ; 0.147 V                             ; 0.066 V                             ; 4.51e-010 s                ; 4.15e-010 s                ; No                        ; Yes                       ;
; y[10]         ; 2.5 V        ; 0 s                 ; 0 s                 ; 2.62 V                       ; 2.7e-008 V                   ; 2.71 V              ; -0.0352 V           ; 0.147 V                              ; 0.066 V                              ; 4.51e-010 s                 ; 4.15e-010 s                 ; No                         ; Yes                        ; 2.62 V                      ; 2.7e-008 V                  ; 2.71 V             ; -0.0352 V          ; 0.147 V                             ; 0.066 V                             ; 4.51e-010 s                ; 4.15e-010 s                ; No                        ; Yes                       ;
; y[11]         ; 2.5 V        ; 0 s                 ; 0 s                 ; 2.62 V                       ; 2.7e-008 V                   ; 2.64 V              ; -0.0118 V           ; 0.201 V                              ; 0.173 V                              ; 2.38e-009 s                 ; 2.19e-009 s                 ; No                         ; Yes                        ; 2.62 V                      ; 2.7e-008 V                  ; 2.64 V             ; -0.0118 V          ; 0.201 V                             ; 0.173 V                             ; 2.38e-009 s                ; 2.19e-009 s                ; No                        ; Yes                       ;
; y[12]         ; 2.5 V        ; 0 s                 ; 0 s                 ; 2.62 V                       ; 4.02e-008 V                  ; 2.71 V              ; -0.0351 V           ; 0.173 V                              ; 0.098 V                              ; 2.73e-010 s                 ; 2.69e-010 s                 ; Yes                        ; Yes                        ; 2.62 V                      ; 4.02e-008 V                 ; 2.71 V             ; -0.0351 V          ; 0.173 V                             ; 0.098 V                             ; 2.73e-010 s                ; 2.69e-010 s                ; Yes                       ; Yes                       ;
; y[13]         ; 2.5 V        ; 0 s                 ; 0 s                 ; 2.62 V                       ; 4.02e-008 V                  ; 2.71 V              ; -0.0351 V           ; 0.173 V                              ; 0.098 V                              ; 2.73e-010 s                 ; 2.69e-010 s                 ; Yes                        ; Yes                        ; 2.62 V                      ; 4.02e-008 V                 ; 2.71 V             ; -0.0351 V          ; 0.173 V                             ; 0.098 V                             ; 2.73e-010 s                ; 2.69e-010 s                ; Yes                       ; Yes                       ;
; y[14]         ; 2.5 V        ; 0 s                 ; 0 s                 ; 2.62 V                       ; 2.7e-008 V                   ; 2.72 V              ; -0.0401 V           ; 0.163 V                              ; 0.091 V                              ; 2.71e-010 s                 ; 2.61e-010 s                 ; Yes                        ; Yes                        ; 2.62 V                      ; 2.7e-008 V                  ; 2.72 V             ; -0.0401 V          ; 0.163 V                             ; 0.091 V                             ; 2.71e-010 s                ; 2.61e-010 s                ; Yes                       ; Yes                       ;
; y[15]         ; 2.5 V        ; 0 s                 ; 0 s                 ; 2.62 V                       ; 2.7e-008 V                   ; 2.72 V              ; -0.0401 V           ; 0.163 V                              ; 0.091 V                              ; 2.71e-010 s                 ; 2.61e-010 s                 ; Yes                        ; Yes                        ; 2.62 V                      ; 2.7e-008 V                  ; 2.72 V             ; -0.0401 V          ; 0.163 V                             ; 0.091 V                             ; 2.71e-010 s                ; 2.61e-010 s                ; Yes                       ; Yes                       ;
; y[16]         ; 2.5 V        ; 0 s                 ; 0 s                 ; 2.62 V                       ; 4.02e-008 V                  ; 2.71 V              ; -0.0351 V           ; 0.173 V                              ; 0.098 V                              ; 2.73e-010 s                 ; 2.69e-010 s                 ; Yes                        ; Yes                        ; 2.62 V                      ; 4.02e-008 V                 ; 2.71 V             ; -0.0351 V          ; 0.173 V                             ; 0.098 V                             ; 2.73e-010 s                ; 2.69e-010 s                ; Yes                       ; Yes                       ;
; y[17]         ; 2.5 V        ; 0 s                 ; 0 s                 ; 2.62 V                       ; 4.02e-008 V                  ; 2.71 V              ; -0.0351 V           ; 0.173 V                              ; 0.098 V                              ; 2.73e-010 s                 ; 2.69e-010 s                 ; Yes                        ; Yes                        ; 2.62 V                      ; 4.02e-008 V                 ; 2.71 V             ; -0.0351 V          ; 0.173 V                             ; 0.098 V                             ; 2.73e-010 s                ; 2.69e-010 s                ; Yes                       ; Yes                       ;
; y[18]         ; 2.5 V        ; 0 s                 ; 0 s                 ; 2.62 V                       ; 4.02e-008 V                  ; 2.71 V              ; -0.0351 V           ; 0.173 V                              ; 0.098 V                              ; 2.73e-010 s                 ; 2.69e-010 s                 ; Yes                        ; Yes                        ; 2.62 V                      ; 4.02e-008 V                 ; 2.71 V             ; -0.0351 V          ; 0.173 V                             ; 0.098 V                             ; 2.73e-010 s                ; 2.69e-010 s                ; Yes                       ; Yes                       ;
; y[19]         ; 2.5 V        ; 0 s                 ; 0 s                 ; 2.62 V                       ; 4.02e-008 V                  ; 2.71 V              ; -0.0351 V           ; 0.173 V                              ; 0.098 V                              ; 2.73e-010 s                 ; 2.69e-010 s                 ; Yes                        ; Yes                        ; 2.62 V                      ; 4.02e-008 V                 ; 2.71 V             ; -0.0351 V          ; 0.173 V                             ; 0.098 V                             ; 2.73e-010 s                ; 2.69e-010 s                ; Yes                       ; Yes                       ;
; y[20]         ; 2.5 V        ; 0 s                 ; 0 s                 ; 2.62 V                       ; 4.02e-008 V                  ; 2.71 V              ; -0.0351 V           ; 0.173 V                              ; 0.098 V                              ; 2.73e-010 s                 ; 2.69e-010 s                 ; Yes                        ; Yes                        ; 2.62 V                      ; 4.02e-008 V                 ; 2.71 V             ; -0.0351 V          ; 0.173 V                             ; 0.098 V                             ; 2.73e-010 s                ; 2.69e-010 s                ; Yes                       ; Yes                       ;
; y[21]         ; 2.5 V        ; 0 s                 ; 0 s                 ; 2.62 V                       ; 4.02e-008 V                  ; 2.71 V              ; -0.0351 V           ; 0.173 V                              ; 0.098 V                              ; 2.73e-010 s                 ; 2.69e-010 s                 ; Yes                        ; Yes                        ; 2.62 V                      ; 4.02e-008 V                 ; 2.71 V             ; -0.0351 V          ; 0.173 V                             ; 0.098 V                             ; 2.73e-010 s                ; 2.69e-010 s                ; Yes                       ; Yes                       ;
; y[22]         ; 2.5 V        ; 0 s                 ; 0 s                 ; 2.62 V                       ; 4.02e-008 V                  ; 2.71 V              ; -0.0351 V           ; 0.173 V                              ; 0.098 V                              ; 2.73e-010 s                 ; 2.69e-010 s                 ; Yes                        ; Yes                        ; 2.62 V                      ; 4.02e-008 V                 ; 2.71 V             ; -0.0351 V          ; 0.173 V                             ; 0.098 V                             ; 2.73e-010 s                ; 2.69e-010 s                ; Yes                       ; Yes                       ;
; y[23]         ; 2.5 V        ; 0 s                 ; 0 s                 ; 2.62 V                       ; 4.02e-008 V                  ; 2.71 V              ; -0.0351 V           ; 0.173 V                              ; 0.098 V                              ; 2.73e-010 s                 ; 2.69e-010 s                 ; Yes                        ; Yes                        ; 2.62 V                      ; 4.02e-008 V                 ; 2.71 V             ; -0.0351 V          ; 0.173 V                             ; 0.098 V                             ; 2.73e-010 s                ; 2.69e-010 s                ; Yes                       ; Yes                       ;
; y[24]         ; 2.5 V        ; 0 s                 ; 0 s                 ; 2.62 V                       ; 4.02e-008 V                  ; 2.71 V              ; -0.0351 V           ; 0.173 V                              ; 0.098 V                              ; 2.73e-010 s                 ; 2.69e-010 s                 ; Yes                        ; Yes                        ; 2.62 V                      ; 4.02e-008 V                 ; 2.71 V             ; -0.0351 V          ; 0.173 V                             ; 0.098 V                             ; 2.73e-010 s                ; 2.69e-010 s                ; Yes                       ; Yes                       ;
; y[25]         ; 2.5 V        ; 0 s                 ; 0 s                 ; 2.62 V                       ; 4.02e-008 V                  ; 2.71 V              ; -0.0351 V           ; 0.173 V                              ; 0.098 V                              ; 2.73e-010 s                 ; 2.69e-010 s                 ; Yes                        ; Yes                        ; 2.62 V                      ; 4.02e-008 V                 ; 2.71 V             ; -0.0351 V          ; 0.173 V                             ; 0.098 V                             ; 2.73e-010 s                ; 2.69e-010 s                ; Yes                       ; Yes                       ;
; y[26]         ; 2.5 V        ; 0 s                 ; 0 s                 ; 2.62 V                       ; 2.7e-008 V                   ; 2.72 V              ; -0.0401 V           ; 0.163 V                              ; 0.091 V                              ; 2.71e-010 s                 ; 2.61e-010 s                 ; Yes                        ; Yes                        ; 2.62 V                      ; 2.7e-008 V                  ; 2.72 V             ; -0.0401 V          ; 0.163 V                             ; 0.091 V                             ; 2.71e-010 s                ; 2.61e-010 s                ; Yes                       ; Yes                       ;
; y[27]         ; 2.5 V        ; 0 s                 ; 0 s                 ; 2.62 V                       ; 4.02e-008 V                  ; 2.71 V              ; -0.0351 V           ; 0.173 V                              ; 0.098 V                              ; 2.73e-010 s                 ; 2.69e-010 s                 ; Yes                        ; Yes                        ; 2.62 V                      ; 4.02e-008 V                 ; 2.71 V             ; -0.0351 V          ; 0.173 V                             ; 0.098 V                             ; 2.73e-010 s                ; 2.69e-010 s                ; Yes                       ; Yes                       ;
; y[28]         ; 2.5 V        ; 0 s                 ; 0 s                 ; 2.62 V                       ; 2.7e-008 V                   ; 2.72 V              ; -0.0401 V           ; 0.163 V                              ; 0.091 V                              ; 2.71e-010 s                 ; 2.61e-010 s                 ; Yes                        ; Yes                        ; 2.62 V                      ; 2.7e-008 V                  ; 2.72 V             ; -0.0401 V          ; 0.163 V                             ; 0.091 V                             ; 2.71e-010 s                ; 2.61e-010 s                ; Yes                       ; Yes                       ;
; y[29]         ; 2.5 V        ; 0 s                 ; 0 s                 ; 2.62 V                       ; 4.02e-008 V                  ; 2.71 V              ; -0.0351 V           ; 0.173 V                              ; 0.098 V                              ; 2.73e-010 s                 ; 2.69e-010 s                 ; Yes                        ; Yes                        ; 2.62 V                      ; 4.02e-008 V                 ; 2.71 V             ; -0.0351 V          ; 0.173 V                             ; 0.098 V                             ; 2.73e-010 s                ; 2.69e-010 s                ; Yes                       ; Yes                       ;
; y[30]         ; 2.5 V        ; 0 s                 ; 0 s                 ; 2.62 V                       ; 4.02e-008 V                  ; 2.71 V              ; -0.0351 V           ; 0.173 V                              ; 0.098 V                              ; 2.73e-010 s                 ; 2.69e-010 s                 ; Yes                        ; Yes                        ; 2.62 V                      ; 4.02e-008 V                 ; 2.71 V             ; -0.0351 V          ; 0.173 V                             ; 0.098 V                             ; 2.73e-010 s                ; 2.69e-010 s                ; Yes                       ; Yes                       ;
; y[31]         ; 2.5 V        ; 0 s                 ; 0 s                 ; 2.62 V                       ; 2.7e-008 V                   ; 2.71 V              ; -0.0352 V           ; 0.147 V                              ; 0.066 V                              ; 4.51e-010 s                 ; 4.15e-010 s                 ; No                         ; Yes                        ; 2.62 V                      ; 2.7e-008 V                  ; 2.71 V             ; -0.0352 V          ; 0.147 V                             ; 0.066 V                             ; 4.51e-010 s                ; 4.15e-010 s                ; No                        ; Yes                       ;
; ~ALTERA_DCLK~ ; 2.5 V        ; 0 s                 ; 0 s                 ; 2.62 V                       ; 2.2e-008 V                   ; 2.74 V              ; -0.061 V            ; 0.159 V                              ; 0.078 V                              ; 2.7e-010 s                  ; 2.2e-010 s                  ; No                         ; Yes                        ; 2.62 V                      ; 2.2e-008 V                  ; 2.74 V             ; -0.061 V           ; 0.159 V                             ; 0.078 V                             ; 2.7e-010 s                 ; 2.2e-010 s                 ; No                        ; Yes                       ;
; ~ALTERA_nCEO~ ; 2.5 V        ; 0 s                 ; 0 s                 ; 2.62 V                       ; 3.52e-008 V                  ; 2.7 V               ; -0.012 V            ; 0.274 V                              ; 0.034 V                              ; 3.18e-010 s                 ; 4.96e-010 s                 ; No                         ; Yes                        ; 2.62 V                      ; 3.52e-008 V                 ; 2.7 V              ; -0.012 V           ; 0.274 V                             ; 0.034 V                             ; 3.18e-010 s                ; 4.96e-010 s                ; No                        ; Yes                       ;
+---------------+--------------+---------------------+---------------------+------------------------------+------------------------------+---------------------+---------------------+--------------------------------------+--------------------------------------+-----------------------------+-----------------------------+----------------------------+----------------------------+-----------------------------+-----------------------------+--------------------+--------------------+-------------------------------------+-------------------------------------+----------------------------+----------------------------+---------------------------+---------------------------+


-------------------
; Clock Transfers ;
-------------------
Nothing to report.


---------------
; Report TCCS ;
---------------
No dedicated SERDES Transmitter circuitry present in device or used in design


---------------
; Report RSKM ;
---------------
No dedicated SERDES Receiver circuitry present in device or used in design


+------------------------------------------------+
; Unconstrained Paths                            ;
+---------------------------------+-------+------+
; Property                        ; Setup ; Hold ;
+---------------------------------+-------+------+
; Illegal Clocks                  ; 0     ; 0    ;
; Unconstrained Clocks            ; 0     ; 0    ;
; Unconstrained Input Ports       ; 30    ; 30   ;
; Unconstrained Input Port Paths  ; 30    ; 30   ;
; Unconstrained Output Ports      ; 30    ; 30   ;
; Unconstrained Output Port Paths ; 30    ; 30   ;
+---------------------------------+-------+------+


+------------------------------------+
; TimeQuest Timing Analyzer Messages ;
+------------------------------------+
Info: *******************************************************************
Info: Running Quartus II TimeQuest Timing Analyzer
    Info: Version 9.1 Build 350 03/24/2010 Service Pack 2 SJ Web Edition
    Info: Processing started: Fri Mar 20 22:31:11 2020
Info: Command: quartus_sta shift_left32 -c shift_left32
Info: qsta_default_script.tcl version: #1
Info: high junction temperature operating condition is not set. Assuming a default value of '85'.
Info: low junction temperature operating condition is not set. Assuming a default value of '0'.
Critical Warning: Synopsys Design Constraints File file not found: 'shift_left32.sdc'. A Synopsys Design Constraints File is required by the TimeQuest Timing Analyzer to get proper timing constraints. Without it, the Compiler will not properly optimize the design.
Info: No user constrained base clocks found in the design. Calling "derive_clocks -period 1.0"
Info: The command derive_clocks did not find any clocks to derive.  No clocks were created or changed.
Warning: No clocks defined in design.
Info: No user constrained clock uncertainty found in the design. Calling "derive_clock_uncertainty"
Info: The derive_clock_uncertainty command did not apply clock uncertainty to any clock-to-clock transfers.
Info: No clocks to report
Info: Analyzing Slow 1200mV 85C Model
Info: No fmax paths to report
Info: No Setup paths to report
Info: No Hold paths to report
Info: No Recovery paths to report
Info: No Removal paths to report
Info: No Minimum Pulse Width paths to report
Info: Analyzing Slow 1200mV 0C Model
Info: Started post-fitting delay annotation
Warning: Timing characteristics of device EP4CE6E22C6 are preliminary
Info: Delay annotation completed successfully
Info: No user constrained base clocks found in the design. Calling "derive_clocks -period 1.0"
Info: The command derive_clocks did not find any clocks to derive.  No clocks were created or changed.
Warning: No clocks defined in design.
Info: The derive_clock_uncertainty command did not apply clock uncertainty to any clock-to-clock transfers.
Info: No fmax paths to report
Info: No Setup paths to report
Info: No Hold paths to report
Info: No Recovery paths to report
Info: No Removal paths to report
Info: No Minimum Pulse Width paths to report
Info: Analyzing Fast 1200mV 0C Model
Info: Started post-fitting delay annotation
Warning: Timing characteristics of device EP4CE6E22C6 are preliminary
Info: Delay annotation completed successfully
Info: No user constrained base clocks found in the design. Calling "derive_clocks -period 1.0"
Info: The command derive_clocks did not find any clocks to derive.  No clocks were created or changed.
Warning: No clocks defined in design.
Info: The derive_clock_uncertainty command did not apply clock uncertainty to any clock-to-clock transfers.
Info: No Setup paths to report
Info: No Hold paths to report
Info: No Recovery paths to report
Info: No Removal paths to report
Info: No Minimum Pulse Width paths to report
Info: Design is not fully constrained for setup requirements
Info: Design is not fully constrained for hold requirements
Info: Quartus II TimeQuest Timing Analyzer was successful. 0 errors, 6 warnings
    Info: Peak virtual memory: 244 megabytes
    Info: Processing ended: Fri Mar 20 22:31:12 2020
    Info: Elapsed time: 00:00:01
    Info: Total CPU time (on all processors): 00:00:01


