EDA Netlist Writer report for control_unit
Wed Feb 26 12:43:07 2020
Quartus II Version 9.1 Build 350 03/24/2010 Service Pack 2 SJ Web Edition


---------------------
; Table of Contents ;
---------------------
  1. Legal Notice
  2. EDA Netlist Writer Summary
  3. Simulation Settings
  4. Simulation Generated Files
  5. EDA Netlist Writer Messages



----------------
; Legal Notice ;
----------------
Copyright (C) 1991-2010 Altera Corporation
Your use of Altera Corporation's design tools, logic functions 
and other software and tools, and its AMPP partner logic 
functions, and any output files from any of the foregoing 
(including device programming or simulation files), and any 
associated documentation or information are expressly subject 
to the terms and conditions of the Altera Program License 
Subscription Agreement, Altera MegaCore Function License 
Agreement, or other applicable license agreement, including, 
without limitation, that your use is for the sole purpose of 
programming logic devices manufactured by Altera and sold by 
Altera or its authorized distributors.  Please refer to the 
applicable agreement for further details.



+-------------------------------------------------------------------+
; EDA Netlist Writer Summary                                        ;
+---------------------------+---------------------------------------+
; EDA Netlist Writer Status ; Successful - Wed Feb 26 12:43:07 2020 ;
; Revision Name             ; control_unit                          ;
; Top-level Entity Name     ; control_unit                          ;
; Family                    ; Cyclone IV E                          ;
; Simulation Files Creation ; Successful                            ;
+---------------------------+---------------------------------------+


+-------------------------------------------------------------------------------------------------------------------------------+
; Simulation Settings                                                                                                           ;
+---------------------------------------------------------------------------------------------------+---------------------------+
; Option                                                                                            ; Setting                   ;
+---------------------------------------------------------------------------------------------------+---------------------------+
; Tool Name                                                                                         ; ModelSim-Altera (Verilog) ;
; Generate netlist for functional simulation only                                                   ; Off                       ;
; Time scale                                                                                        ; 1 ps                      ;
; Truncate long hierarchy paths                                                                     ; Off                       ;
; Map illegal HDL characters                                                                        ; Off                       ;
; Flatten buses into individual nodes                                                               ; Off                       ;
; Maintain hierarchy                                                                                ; Off                       ;
; Bring out device-wide set/reset signals as ports                                                  ; Off                       ;
; Enable glitch filtering                                                                           ; Off                       ;
; Do not write top level VHDL entity                                                                ; Off                       ;
; Disable detection of setup and hold time violations in the input registers of bi-directional pins ; Off                       ;
; Architecture name in VHDL output netlist                                                          ; structure                 ;
; Generate third-party EDA tool command script for RTL functional simulation                        ; Off                       ;
; Generate third-party EDA tool command script for gate-level simulation                            ; Off                       ;
+---------------------------------------------------------------------------------------------------+---------------------------+


+----------------------------------------------------------------------------------------------------+
; Simulation Generated Files                                                                         ;
+----------------------------------------------------------------------------------------------------+
; Generated Files                                                                                    ;
+----------------------------------------------------------------------------------------------------+
; D:/Developer/Concepcao/mips/control_unit/simulation/modelsim/control_unit_6_1200mv_85c_slow.vo     ;
; D:/Developer/Concepcao/mips/control_unit/simulation/modelsim/control_unit_6_1200mv_0c_slow.vo      ;
; D:/Developer/Concepcao/mips/control_unit/simulation/modelsim/control_unit_min_1200mv_0c_fast.vo    ;
; D:/Developer/Concepcao/mips/control_unit/simulation/modelsim/control_unit.vo                       ;
; D:/Developer/Concepcao/mips/control_unit/simulation/modelsim/control_unit_6_1200mv_85c_v_slow.sdo  ;
; D:/Developer/Concepcao/mips/control_unit/simulation/modelsim/control_unit_6_1200mv_0c_v_slow.sdo   ;
; D:/Developer/Concepcao/mips/control_unit/simulation/modelsim/control_unit_min_1200mv_0c_v_fast.sdo ;
; D:/Developer/Concepcao/mips/control_unit/simulation/modelsim/control_unit_v.sdo                    ;
+----------------------------------------------------------------------------------------------------+


+-----------------------------+
; EDA Netlist Writer Messages ;
+-----------------------------+
Info: *******************************************************************
Info: Running Quartus II EDA Netlist Writer
    Info: Version 9.1 Build 350 03/24/2010 Service Pack 2 SJ Web Edition
    Info: Processing started: Wed Feb 26 12:43:06 2020
Info: Command: quartus_eda --read_settings_files=off --write_settings_files=off control_unit -c control_unit
Info: Generated file control_unit_6_1200mv_85c_slow.vo in folder "D:/Developer/Concepcao/mips/control_unit/simulation/modelsim/" for EDA simulation tool
Info: Generated file control_unit_6_1200mv_0c_slow.vo in folder "D:/Developer/Concepcao/mips/control_unit/simulation/modelsim/" for EDA simulation tool
Info: Generated file control_unit_min_1200mv_0c_fast.vo in folder "D:/Developer/Concepcao/mips/control_unit/simulation/modelsim/" for EDA simulation tool
Info: Generated file control_unit.vo in folder "D:/Developer/Concepcao/mips/control_unit/simulation/modelsim/" for EDA simulation tool
Info: Generated file control_unit_6_1200mv_85c_v_slow.sdo in folder "D:/Developer/Concepcao/mips/control_unit/simulation/modelsim/" for EDA simulation tool
Info: Generated file control_unit_6_1200mv_0c_v_slow.sdo in folder "D:/Developer/Concepcao/mips/control_unit/simulation/modelsim/" for EDA simulation tool
Info: Generated file control_unit_min_1200mv_0c_v_fast.sdo in folder "D:/Developer/Concepcao/mips/control_unit/simulation/modelsim/" for EDA simulation tool
Info: Generated file control_unit_v.sdo in folder "D:/Developer/Concepcao/mips/control_unit/simulation/modelsim/" for EDA simulation tool
Info: Quartus II EDA Netlist Writer was successful. 0 errors, 0 warnings
    Info: Peak virtual memory: 210 megabytes
    Info: Processing ended: Wed Feb 26 12:43:07 2020
    Info: Elapsed time: 00:00:01
    Info: Total CPU time (on all processors): 00:00:01


